[2024-07-29T12:52:15.279+0000] {processor.py:161} INFO - Started process (PID=48) to work on /opt/airflow/dags/price_improvement_dag.py
[2024-07-29T12:52:15.283+0000] {processor.py:830} INFO - Processing file /opt/airflow/dags/price_improvement_dag.py for tasks to queue
[2024-07-29T12:52:15.291+0000] {logging_mixin.py:188} INFO - [2024-07-29T12:52:15.291+0000] {dagbag.py:545} INFO - Filling up the DagBag from /opt/airflow/dags/price_improvement_dag.py
[2024-07-29T12:52:17.253+0000] {processor.py:840} INFO - DAG(s) 'price_improvement_dag' retrieved from /opt/airflow/dags/price_improvement_dag.py
[2024-07-29T12:52:17.742+0000] {logging_mixin.py:188} INFO - [2024-07-29T12:52:17.740+0000] {dag.py:3089} INFO - Sync 1 DAGs
[2024-07-29T12:52:17.774+0000] {logging_mixin.py:188} INFO - [2024-07-29T12:52:17.774+0000] {dag.py:3947} INFO - Setting next_dagrun for price_improvement_dag to 2024-08-01 00:00:00+00:00, run_after=2024-08-02 00:00:00+00:00
[2024-07-29T12:52:17.815+0000] {processor.py:183} INFO - Processing /opt/airflow/dags/price_improvement_dag.py took 2.547 seconds
[2024-07-29T12:52:48.576+0000] {processor.py:161} INFO - Started process (PID=62) to work on /opt/airflow/dags/price_improvement_dag.py
[2024-07-29T12:52:48.723+0000] {processor.py:830} INFO - Processing file /opt/airflow/dags/price_improvement_dag.py for tasks to queue
[2024-07-29T12:52:48.857+0000] {logging_mixin.py:188} INFO - [2024-07-29T12:52:48.845+0000] {dagbag.py:545} INFO - Filling up the DagBag from /opt/airflow/dags/price_improvement_dag.py
[2024-07-29T12:52:52.531+0000] {processor.py:840} INFO - DAG(s) 'price_improvement_dag' retrieved from /opt/airflow/dags/price_improvement_dag.py
[2024-07-29T12:52:52.630+0000] {logging_mixin.py:188} INFO - [2024-07-29T12:52:52.627+0000] {dag.py:3089} INFO - Sync 1 DAGs
[2024-07-29T12:52:52.705+0000] {logging_mixin.py:188} INFO - [2024-07-29T12:52:52.705+0000] {dag.py:3947} INFO - Setting next_dagrun for price_improvement_dag to 2024-08-01 00:00:00+00:00, run_after=2024-08-02 00:00:00+00:00
[2024-07-29T12:52:52.751+0000] {processor.py:183} INFO - Processing /opt/airflow/dags/price_improvement_dag.py took 4.300 seconds
[2024-07-29T12:53:23.114+0000] {processor.py:161} INFO - Started process (PID=70) to work on /opt/airflow/dags/price_improvement_dag.py
[2024-07-29T12:53:23.116+0000] {processor.py:830} INFO - Processing file /opt/airflow/dags/price_improvement_dag.py for tasks to queue
[2024-07-29T12:53:23.121+0000] {logging_mixin.py:188} INFO - [2024-07-29T12:53:23.120+0000] {dagbag.py:545} INFO - Filling up the DagBag from /opt/airflow/dags/price_improvement_dag.py
[2024-07-29T12:53:24.101+0000] {processor.py:840} INFO - DAG(s) 'price_improvement_dag' retrieved from /opt/airflow/dags/price_improvement_dag.py
[2024-07-29T12:53:24.139+0000] {logging_mixin.py:188} INFO - [2024-07-29T12:53:24.138+0000] {dag.py:3089} INFO - Sync 1 DAGs
[2024-07-29T12:53:24.159+0000] {logging_mixin.py:188} INFO - [2024-07-29T12:53:24.159+0000] {dag.py:3947} INFO - Setting next_dagrun for price_improvement_dag to 2024-08-01 00:00:00+00:00, run_after=2024-08-02 00:00:00+00:00
[2024-07-29T12:53:24.170+0000] {processor.py:183} INFO - Processing /opt/airflow/dags/price_improvement_dag.py took 1.065 seconds
[2024-07-29T12:53:54.377+0000] {processor.py:161} INFO - Started process (PID=78) to work on /opt/airflow/dags/price_improvement_dag.py
[2024-07-29T12:53:54.379+0000] {processor.py:830} INFO - Processing file /opt/airflow/dags/price_improvement_dag.py for tasks to queue
[2024-07-29T12:53:54.389+0000] {logging_mixin.py:188} INFO - [2024-07-29T12:53:54.389+0000] {dagbag.py:545} INFO - Filling up the DagBag from /opt/airflow/dags/price_improvement_dag.py
[2024-07-29T12:53:55.305+0000] {processor.py:840} INFO - DAG(s) 'price_improvement_dag' retrieved from /opt/airflow/dags/price_improvement_dag.py
[2024-07-29T12:53:55.356+0000] {logging_mixin.py:188} INFO - [2024-07-29T12:53:55.356+0000] {dag.py:3089} INFO - Sync 1 DAGs
[2024-07-29T12:53:55.371+0000] {logging_mixin.py:188} INFO - [2024-07-29T12:53:55.371+0000] {dag.py:3947} INFO - Setting next_dagrun for price_improvement_dag to 2024-08-01 00:00:00+00:00, run_after=2024-08-02 00:00:00+00:00
[2024-07-29T12:53:55.381+0000] {processor.py:183} INFO - Processing /opt/airflow/dags/price_improvement_dag.py took 1.009 seconds
[2024-07-29T12:54:26.162+0000] {processor.py:161} INFO - Started process (PID=86) to work on /opt/airflow/dags/price_improvement_dag.py
[2024-07-29T12:54:26.170+0000] {processor.py:830} INFO - Processing file /opt/airflow/dags/price_improvement_dag.py for tasks to queue
[2024-07-29T12:54:26.190+0000] {logging_mixin.py:188} INFO - [2024-07-29T12:54:26.187+0000] {dagbag.py:545} INFO - Filling up the DagBag from /opt/airflow/dags/price_improvement_dag.py
[2024-07-29T12:54:28.118+0000] {processor.py:840} INFO - DAG(s) 'price_improvement_dag' retrieved from /opt/airflow/dags/price_improvement_dag.py
[2024-07-29T12:54:28.215+0000] {logging_mixin.py:188} INFO - [2024-07-29T12:54:28.214+0000] {dag.py:3089} INFO - Sync 1 DAGs
[2024-07-29T12:54:28.255+0000] {logging_mixin.py:188} INFO - [2024-07-29T12:54:28.254+0000] {dag.py:3947} INFO - Setting next_dagrun for price_improvement_dag to 2024-08-01 00:00:00+00:00, run_after=2024-08-02 00:00:00+00:00
[2024-07-29T12:54:28.342+0000] {processor.py:183} INFO - Processing /opt/airflow/dags/price_improvement_dag.py took 2.222 seconds
[2024-07-29T12:54:58.595+0000] {processor.py:161} INFO - Started process (PID=94) to work on /opt/airflow/dags/price_improvement_dag.py
[2024-07-29T12:54:58.597+0000] {processor.py:830} INFO - Processing file /opt/airflow/dags/price_improvement_dag.py for tasks to queue
[2024-07-29T12:54:58.616+0000] {logging_mixin.py:188} INFO - [2024-07-29T12:54:58.612+0000] {dagbag.py:545} INFO - Filling up the DagBag from /opt/airflow/dags/price_improvement_dag.py
[2024-07-29T12:54:59.299+0000] {processor.py:840} INFO - DAG(s) 'price_improvement_dag' retrieved from /opt/airflow/dags/price_improvement_dag.py
[2024-07-29T12:54:59.320+0000] {logging_mixin.py:188} INFO - [2024-07-29T12:54:59.320+0000] {dag.py:3089} INFO - Sync 1 DAGs
[2024-07-29T12:54:59.333+0000] {logging_mixin.py:188} INFO - [2024-07-29T12:54:59.333+0000] {dag.py:3947} INFO - Setting next_dagrun for price_improvement_dag to 2024-08-01 00:00:00+00:00, run_after=2024-08-02 00:00:00+00:00
[2024-07-29T12:54:59.348+0000] {processor.py:183} INFO - Processing /opt/airflow/dags/price_improvement_dag.py took 0.764 seconds
[2024-07-29T12:55:29.534+0000] {processor.py:161} INFO - Started process (PID=102) to work on /opt/airflow/dags/price_improvement_dag.py
[2024-07-29T12:55:29.535+0000] {processor.py:830} INFO - Processing file /opt/airflow/dags/price_improvement_dag.py for tasks to queue
[2024-07-29T12:55:29.537+0000] {logging_mixin.py:188} INFO - [2024-07-29T12:55:29.537+0000] {dagbag.py:545} INFO - Filling up the DagBag from /opt/airflow/dags/price_improvement_dag.py
[2024-07-29T12:55:29.872+0000] {processor.py:840} INFO - DAG(s) 'price_improvement_dag' retrieved from /opt/airflow/dags/price_improvement_dag.py
[2024-07-29T12:55:29.885+0000] {logging_mixin.py:188} INFO - [2024-07-29T12:55:29.885+0000] {dag.py:3089} INFO - Sync 1 DAGs
[2024-07-29T12:55:29.894+0000] {logging_mixin.py:188} INFO - [2024-07-29T12:55:29.894+0000] {dag.py:3947} INFO - Setting next_dagrun for price_improvement_dag to 2024-08-01 00:00:00+00:00, run_after=2024-08-02 00:00:00+00:00
[2024-07-29T12:55:30.022+0000] {processor.py:183} INFO - Processing /opt/airflow/dags/price_improvement_dag.py took 0.492 seconds
[2024-07-29T12:56:00.191+0000] {processor.py:161} INFO - Started process (PID=110) to work on /opt/airflow/dags/price_improvement_dag.py
[2024-07-29T12:56:00.193+0000] {processor.py:830} INFO - Processing file /opt/airflow/dags/price_improvement_dag.py for tasks to queue
[2024-07-29T12:56:00.198+0000] {logging_mixin.py:188} INFO - [2024-07-29T12:56:00.198+0000] {dagbag.py:545} INFO - Filling up the DagBag from /opt/airflow/dags/price_improvement_dag.py
[2024-07-29T12:56:00.767+0000] {processor.py:840} INFO - DAG(s) 'price_improvement_dag' retrieved from /opt/airflow/dags/price_improvement_dag.py
[2024-07-29T12:56:00.785+0000] {logging_mixin.py:188} INFO - [2024-07-29T12:56:00.785+0000] {dag.py:3089} INFO - Sync 1 DAGs
[2024-07-29T12:56:00.795+0000] {logging_mixin.py:188} INFO - [2024-07-29T12:56:00.795+0000] {dag.py:3947} INFO - Setting next_dagrun for price_improvement_dag to 2024-08-01 00:00:00+00:00, run_after=2024-08-02 00:00:00+00:00
[2024-07-29T12:56:00.803+0000] {processor.py:183} INFO - Processing /opt/airflow/dags/price_improvement_dag.py took 0.622 seconds
[2024-07-29T12:56:31.063+0000] {processor.py:161} INFO - Started process (PID=118) to work on /opt/airflow/dags/price_improvement_dag.py
[2024-07-29T12:56:31.065+0000] {processor.py:830} INFO - Processing file /opt/airflow/dags/price_improvement_dag.py for tasks to queue
[2024-07-29T12:56:31.070+0000] {logging_mixin.py:188} INFO - [2024-07-29T12:56:31.069+0000] {dagbag.py:545} INFO - Filling up the DagBag from /opt/airflow/dags/price_improvement_dag.py
[2024-07-29T12:56:31.427+0000] {processor.py:840} INFO - DAG(s) 'price_improvement_dag' retrieved from /opt/airflow/dags/price_improvement_dag.py
[2024-07-29T12:56:31.439+0000] {logging_mixin.py:188} INFO - [2024-07-29T12:56:31.439+0000] {dag.py:3089} INFO - Sync 1 DAGs
[2024-07-29T12:56:31.447+0000] {logging_mixin.py:188} INFO - [2024-07-29T12:56:31.447+0000] {dag.py:3947} INFO - Setting next_dagrun for price_improvement_dag to 2024-08-01 00:00:00+00:00, run_after=2024-08-02 00:00:00+00:00
[2024-07-29T12:56:31.454+0000] {processor.py:183} INFO - Processing /opt/airflow/dags/price_improvement_dag.py took 0.403 seconds
[2024-07-29T12:57:01.660+0000] {processor.py:161} INFO - Started process (PID=126) to work on /opt/airflow/dags/price_improvement_dag.py
[2024-07-29T12:57:01.662+0000] {processor.py:830} INFO - Processing file /opt/airflow/dags/price_improvement_dag.py for tasks to queue
[2024-07-29T12:57:01.664+0000] {logging_mixin.py:188} INFO - [2024-07-29T12:57:01.664+0000] {dagbag.py:545} INFO - Filling up the DagBag from /opt/airflow/dags/price_improvement_dag.py
[2024-07-29T12:57:01.917+0000] {processor.py:840} INFO - DAG(s) 'price_improvement_dag' retrieved from /opt/airflow/dags/price_improvement_dag.py
[2024-07-29T12:57:01.929+0000] {logging_mixin.py:188} INFO - [2024-07-29T12:57:01.929+0000] {dag.py:3089} INFO - Sync 1 DAGs
[2024-07-29T12:57:01.938+0000] {logging_mixin.py:188} INFO - [2024-07-29T12:57:01.938+0000] {dag.py:3947} INFO - Setting next_dagrun for price_improvement_dag to 2024-08-01 00:00:00+00:00, run_after=2024-08-02 00:00:00+00:00
[2024-07-29T12:57:01.945+0000] {processor.py:183} INFO - Processing /opt/airflow/dags/price_improvement_dag.py took 0.291 seconds
[2024-07-29T12:57:31.977+0000] {processor.py:161} INFO - Started process (PID=134) to work on /opt/airflow/dags/price_improvement_dag.py
[2024-07-29T12:57:31.979+0000] {processor.py:830} INFO - Processing file /opt/airflow/dags/price_improvement_dag.py for tasks to queue
[2024-07-29T12:57:31.981+0000] {logging_mixin.py:188} INFO - [2024-07-29T12:57:31.981+0000] {dagbag.py:545} INFO - Filling up the DagBag from /opt/airflow/dags/price_improvement_dag.py
[2024-07-29T12:57:32.236+0000] {processor.py:840} INFO - DAG(s) 'price_improvement_dag' retrieved from /opt/airflow/dags/price_improvement_dag.py
[2024-07-29T12:57:32.247+0000] {logging_mixin.py:188} INFO - [2024-07-29T12:57:32.247+0000] {dag.py:3089} INFO - Sync 1 DAGs
[2024-07-29T12:57:32.255+0000] {logging_mixin.py:188} INFO - [2024-07-29T12:57:32.255+0000] {dag.py:3947} INFO - Setting next_dagrun for price_improvement_dag to 2024-08-01 00:00:00+00:00, run_after=2024-08-02 00:00:00+00:00
[2024-07-29T12:57:32.262+0000] {processor.py:183} INFO - Processing /opt/airflow/dags/price_improvement_dag.py took 0.292 seconds
[2024-07-29T12:58:02.433+0000] {processor.py:161} INFO - Started process (PID=142) to work on /opt/airflow/dags/price_improvement_dag.py
[2024-07-29T12:58:02.434+0000] {processor.py:830} INFO - Processing file /opt/airflow/dags/price_improvement_dag.py for tasks to queue
[2024-07-29T12:58:02.436+0000] {logging_mixin.py:188} INFO - [2024-07-29T12:58:02.436+0000] {dagbag.py:545} INFO - Filling up the DagBag from /opt/airflow/dags/price_improvement_dag.py
[2024-07-29T12:58:02.689+0000] {processor.py:840} INFO - DAG(s) 'price_improvement_dag' retrieved from /opt/airflow/dags/price_improvement_dag.py
[2024-07-29T12:58:02.701+0000] {logging_mixin.py:188} INFO - [2024-07-29T12:58:02.700+0000] {dag.py:3089} INFO - Sync 1 DAGs
[2024-07-29T12:58:02.709+0000] {logging_mixin.py:188} INFO - [2024-07-29T12:58:02.709+0000] {dag.py:3947} INFO - Setting next_dagrun for price_improvement_dag to 2024-08-01 00:00:00+00:00, run_after=2024-08-02 00:00:00+00:00
[2024-07-29T12:58:02.716+0000] {processor.py:183} INFO - Processing /opt/airflow/dags/price_improvement_dag.py took 0.290 seconds
[2024-07-29T12:58:33.184+0000] {processor.py:161} INFO - Started process (PID=150) to work on /opt/airflow/dags/price_improvement_dag.py
[2024-07-29T12:58:33.186+0000] {processor.py:830} INFO - Processing file /opt/airflow/dags/price_improvement_dag.py for tasks to queue
[2024-07-29T12:58:33.188+0000] {logging_mixin.py:188} INFO - [2024-07-29T12:58:33.187+0000] {dagbag.py:545} INFO - Filling up the DagBag from /opt/airflow/dags/price_improvement_dag.py
[2024-07-29T12:58:33.446+0000] {processor.py:840} INFO - DAG(s) 'price_improvement_dag' retrieved from /opt/airflow/dags/price_improvement_dag.py
[2024-07-29T12:58:33.457+0000] {logging_mixin.py:188} INFO - [2024-07-29T12:58:33.457+0000] {dag.py:3089} INFO - Sync 1 DAGs
[2024-07-29T12:58:33.466+0000] {logging_mixin.py:188} INFO - [2024-07-29T12:58:33.466+0000] {dag.py:3947} INFO - Setting next_dagrun for price_improvement_dag to 2024-08-01 00:00:00+00:00, run_after=2024-08-02 00:00:00+00:00
[2024-07-29T12:58:33.473+0000] {processor.py:183} INFO - Processing /opt/airflow/dags/price_improvement_dag.py took 0.297 seconds
[2024-07-29T12:59:03.724+0000] {processor.py:161} INFO - Started process (PID=158) to work on /opt/airflow/dags/price_improvement_dag.py
[2024-07-29T12:59:03.725+0000] {processor.py:830} INFO - Processing file /opt/airflow/dags/price_improvement_dag.py for tasks to queue
[2024-07-29T12:59:03.728+0000] {logging_mixin.py:188} INFO - [2024-07-29T12:59:03.727+0000] {dagbag.py:545} INFO - Filling up the DagBag from /opt/airflow/dags/price_improvement_dag.py
[2024-07-29T12:59:03.977+0000] {processor.py:840} INFO - DAG(s) 'price_improvement_dag' retrieved from /opt/airflow/dags/price_improvement_dag.py
[2024-07-29T12:59:03.987+0000] {logging_mixin.py:188} INFO - [2024-07-29T12:59:03.987+0000] {dag.py:3089} INFO - Sync 1 DAGs
[2024-07-29T12:59:03.995+0000] {logging_mixin.py:188} INFO - [2024-07-29T12:59:03.995+0000] {dag.py:3947} INFO - Setting next_dagrun for price_improvement_dag to 2024-08-01 00:00:00+00:00, run_after=2024-08-02 00:00:00+00:00
[2024-07-29T12:59:04.002+0000] {processor.py:183} INFO - Processing /opt/airflow/dags/price_improvement_dag.py took 0.286 seconds
[2024-07-29T12:59:34.286+0000] {processor.py:161} INFO - Started process (PID=166) to work on /opt/airflow/dags/price_improvement_dag.py
[2024-07-29T12:59:34.288+0000] {processor.py:830} INFO - Processing file /opt/airflow/dags/price_improvement_dag.py for tasks to queue
[2024-07-29T12:59:34.290+0000] {logging_mixin.py:188} INFO - [2024-07-29T12:59:34.289+0000] {dagbag.py:545} INFO - Filling up the DagBag from /opt/airflow/dags/price_improvement_dag.py
[2024-07-29T12:59:34.548+0000] {processor.py:840} INFO - DAG(s) 'price_improvement_dag' retrieved from /opt/airflow/dags/price_improvement_dag.py
[2024-07-29T12:59:34.560+0000] {logging_mixin.py:188} INFO - [2024-07-29T12:59:34.559+0000] {dag.py:3089} INFO - Sync 1 DAGs
[2024-07-29T12:59:34.568+0000] {logging_mixin.py:188} INFO - [2024-07-29T12:59:34.568+0000] {dag.py:3947} INFO - Setting next_dagrun for price_improvement_dag to 2024-08-01 00:00:00+00:00, run_after=2024-08-02 00:00:00+00:00
[2024-07-29T12:59:34.575+0000] {processor.py:183} INFO - Processing /opt/airflow/dags/price_improvement_dag.py took 0.297 seconds
[2024-07-29T13:00:04.821+0000] {processor.py:161} INFO - Started process (PID=174) to work on /opt/airflow/dags/price_improvement_dag.py
[2024-07-29T13:00:04.822+0000] {processor.py:830} INFO - Processing file /opt/airflow/dags/price_improvement_dag.py for tasks to queue
[2024-07-29T13:00:04.824+0000] {logging_mixin.py:188} INFO - [2024-07-29T13:00:04.824+0000] {dagbag.py:545} INFO - Filling up the DagBag from /opt/airflow/dags/price_improvement_dag.py
[2024-07-29T13:00:05.075+0000] {processor.py:840} INFO - DAG(s) 'price_improvement_dag' retrieved from /opt/airflow/dags/price_improvement_dag.py
[2024-07-29T13:00:05.085+0000] {logging_mixin.py:188} INFO - [2024-07-29T13:00:05.085+0000] {dag.py:3089} INFO - Sync 1 DAGs
[2024-07-29T13:00:05.094+0000] {logging_mixin.py:188} INFO - [2024-07-29T13:00:05.094+0000] {dag.py:3947} INFO - Setting next_dagrun for price_improvement_dag to 2024-08-01 00:00:00+00:00, run_after=2024-08-02 00:00:00+00:00
[2024-07-29T13:00:05.101+0000] {processor.py:183} INFO - Processing /opt/airflow/dags/price_improvement_dag.py took 0.287 seconds
[2024-07-29T13:00:35.356+0000] {processor.py:161} INFO - Started process (PID=182) to work on /opt/airflow/dags/price_improvement_dag.py
[2024-07-29T13:00:35.358+0000] {processor.py:830} INFO - Processing file /opt/airflow/dags/price_improvement_dag.py for tasks to queue
[2024-07-29T13:00:35.360+0000] {logging_mixin.py:188} INFO - [2024-07-29T13:00:35.360+0000] {dagbag.py:545} INFO - Filling up the DagBag from /opt/airflow/dags/price_improvement_dag.py
[2024-07-29T13:00:35.608+0000] {processor.py:840} INFO - DAG(s) 'price_improvement_dag' retrieved from /opt/airflow/dags/price_improvement_dag.py
[2024-07-29T13:00:35.618+0000] {logging_mixin.py:188} INFO - [2024-07-29T13:00:35.618+0000] {dag.py:3089} INFO - Sync 1 DAGs
[2024-07-29T13:00:35.626+0000] {logging_mixin.py:188} INFO - [2024-07-29T13:00:35.626+0000] {dag.py:3947} INFO - Setting next_dagrun for price_improvement_dag to 2024-08-01 00:00:00+00:00, run_after=2024-08-02 00:00:00+00:00
[2024-07-29T13:00:35.633+0000] {processor.py:183} INFO - Processing /opt/airflow/dags/price_improvement_dag.py took 0.285 seconds
[2024-07-29T13:01:05.898+0000] {processor.py:161} INFO - Started process (PID=190) to work on /opt/airflow/dags/price_improvement_dag.py
[2024-07-29T13:01:05.899+0000] {processor.py:830} INFO - Processing file /opt/airflow/dags/price_improvement_dag.py for tasks to queue
[2024-07-29T13:01:05.901+0000] {logging_mixin.py:188} INFO - [2024-07-29T13:01:05.901+0000] {dagbag.py:545} INFO - Filling up the DagBag from /opt/airflow/dags/price_improvement_dag.py
[2024-07-29T13:01:06.148+0000] {processor.py:840} INFO - DAG(s) 'price_improvement_dag' retrieved from /opt/airflow/dags/price_improvement_dag.py
[2024-07-29T13:01:06.159+0000] {logging_mixin.py:188} INFO - [2024-07-29T13:01:06.159+0000] {dag.py:3089} INFO - Sync 1 DAGs
[2024-07-29T13:01:06.167+0000] {logging_mixin.py:188} INFO - [2024-07-29T13:01:06.167+0000] {dag.py:3947} INFO - Setting next_dagrun for price_improvement_dag to 2024-08-01 00:00:00+00:00, run_after=2024-08-02 00:00:00+00:00
[2024-07-29T13:01:06.173+0000] {processor.py:183} INFO - Processing /opt/airflow/dags/price_improvement_dag.py took 0.282 seconds
[2024-07-29T13:01:36.459+0000] {processor.py:161} INFO - Started process (PID=198) to work on /opt/airflow/dags/price_improvement_dag.py
[2024-07-29T13:01:36.461+0000] {processor.py:830} INFO - Processing file /opt/airflow/dags/price_improvement_dag.py for tasks to queue
[2024-07-29T13:01:36.463+0000] {logging_mixin.py:188} INFO - [2024-07-29T13:01:36.462+0000] {dagbag.py:545} INFO - Filling up the DagBag from /opt/airflow/dags/price_improvement_dag.py
[2024-07-29T13:01:36.720+0000] {processor.py:840} INFO - DAG(s) 'price_improvement_dag' retrieved from /opt/airflow/dags/price_improvement_dag.py
[2024-07-29T13:01:36.731+0000] {logging_mixin.py:188} INFO - [2024-07-29T13:01:36.731+0000] {dag.py:3089} INFO - Sync 1 DAGs
[2024-07-29T13:01:36.739+0000] {logging_mixin.py:188} INFO - [2024-07-29T13:01:36.739+0000] {dag.py:3947} INFO - Setting next_dagrun for price_improvement_dag to 2024-08-01 00:00:00+00:00, run_after=2024-08-02 00:00:00+00:00
[2024-07-29T13:01:36.746+0000] {processor.py:183} INFO - Processing /opt/airflow/dags/price_improvement_dag.py took 0.295 seconds
[2024-07-29T13:02:07.007+0000] {processor.py:161} INFO - Started process (PID=206) to work on /opt/airflow/dags/price_improvement_dag.py
[2024-07-29T13:02:07.009+0000] {processor.py:830} INFO - Processing file /opt/airflow/dags/price_improvement_dag.py for tasks to queue
[2024-07-29T13:02:07.011+0000] {logging_mixin.py:188} INFO - [2024-07-29T13:02:07.011+0000] {dagbag.py:545} INFO - Filling up the DagBag from /opt/airflow/dags/price_improvement_dag.py
[2024-07-29T13:02:07.262+0000] {processor.py:840} INFO - DAG(s) 'price_improvement_dag' retrieved from /opt/airflow/dags/price_improvement_dag.py
[2024-07-29T13:02:07.272+0000] {logging_mixin.py:188} INFO - [2024-07-29T13:02:07.272+0000] {dag.py:3089} INFO - Sync 1 DAGs
[2024-07-29T13:02:07.280+0000] {logging_mixin.py:188} INFO - [2024-07-29T13:02:07.280+0000] {dag.py:3947} INFO - Setting next_dagrun for price_improvement_dag to 2024-08-01 00:00:00+00:00, run_after=2024-08-02 00:00:00+00:00
[2024-07-29T13:02:07.287+0000] {processor.py:183} INFO - Processing /opt/airflow/dags/price_improvement_dag.py took 0.287 seconds
[2024-07-29T13:02:14.368+0000] {processor.py:161} INFO - Started process (PID=208) to work on /opt/airflow/dags/price_improvement_dag.py
[2024-07-29T13:02:14.369+0000] {processor.py:830} INFO - Processing file /opt/airflow/dags/price_improvement_dag.py for tasks to queue
[2024-07-29T13:02:14.371+0000] {logging_mixin.py:188} INFO - [2024-07-29T13:02:14.370+0000] {dagbag.py:545} INFO - Filling up the DagBag from /opt/airflow/dags/price_improvement_dag.py
[2024-07-29T13:02:14.631+0000] {processor.py:840} INFO - DAG(s) 'price_improvement_dag' retrieved from /opt/airflow/dags/price_improvement_dag.py
[2024-07-29T13:02:14.680+0000] {logging_mixin.py:188} INFO - [2024-07-29T13:02:14.680+0000] {dag.py:3089} INFO - Sync 1 DAGs
[2024-07-29T13:02:14.687+0000] {logging_mixin.py:188} INFO - [2024-07-29T13:02:14.687+0000] {dag.py:3947} INFO - Setting next_dagrun for price_improvement_dag to 2024-07-28 00:00:00+00:00, run_after=2024-07-29 00:00:00+00:00
[2024-07-29T13:02:14.697+0000] {processor.py:183} INFO - Processing /opt/airflow/dags/price_improvement_dag.py took 0.337 seconds
[2024-07-29T13:02:44.956+0000] {processor.py:161} INFO - Started process (PID=216) to work on /opt/airflow/dags/price_improvement_dag.py
[2024-07-29T13:02:44.957+0000] {processor.py:830} INFO - Processing file /opt/airflow/dags/price_improvement_dag.py for tasks to queue
[2024-07-29T13:02:44.959+0000] {logging_mixin.py:188} INFO - [2024-07-29T13:02:44.958+0000] {dagbag.py:545} INFO - Filling up the DagBag from /opt/airflow/dags/price_improvement_dag.py
[2024-07-29T13:02:45.228+0000] {processor.py:840} INFO - DAG(s) 'price_improvement_dag' retrieved from /opt/airflow/dags/price_improvement_dag.py
[2024-07-29T13:02:45.239+0000] {logging_mixin.py:188} INFO - [2024-07-29T13:02:45.239+0000] {dag.py:3089} INFO - Sync 1 DAGs
[2024-07-29T13:02:45.247+0000] {logging_mixin.py:188} INFO - [2024-07-29T13:02:45.247+0000] {dag.py:3947} INFO - Setting next_dagrun for price_improvement_dag to 2024-07-29 00:00:00+00:00, run_after=2024-07-30 00:00:00+00:00
[2024-07-29T13:02:45.254+0000] {processor.py:183} INFO - Processing /opt/airflow/dags/price_improvement_dag.py took 0.304 seconds
[2024-07-29T13:03:15.553+0000] {processor.py:161} INFO - Started process (PID=224) to work on /opt/airflow/dags/price_improvement_dag.py
[2024-07-29T13:03:15.554+0000] {processor.py:830} INFO - Processing file /opt/airflow/dags/price_improvement_dag.py for tasks to queue
[2024-07-29T13:03:15.556+0000] {logging_mixin.py:188} INFO - [2024-07-29T13:03:15.556+0000] {dagbag.py:545} INFO - Filling up the DagBag from /opt/airflow/dags/price_improvement_dag.py
[2024-07-29T13:03:15.818+0000] {processor.py:840} INFO - DAG(s) 'price_improvement_dag' retrieved from /opt/airflow/dags/price_improvement_dag.py
[2024-07-29T13:03:15.828+0000] {logging_mixin.py:188} INFO - [2024-07-29T13:03:15.828+0000] {dag.py:3089} INFO - Sync 1 DAGs
[2024-07-29T13:03:15.836+0000] {logging_mixin.py:188} INFO - [2024-07-29T13:03:15.836+0000] {dag.py:3947} INFO - Setting next_dagrun for price_improvement_dag to 2024-07-29 00:00:00+00:00, run_after=2024-07-30 00:00:00+00:00
[2024-07-29T13:03:15.843+0000] {processor.py:183} INFO - Processing /opt/airflow/dags/price_improvement_dag.py took 0.297 seconds
[2024-07-29T13:03:46.139+0000] {processor.py:161} INFO - Started process (PID=232) to work on /opt/airflow/dags/price_improvement_dag.py
[2024-07-29T13:03:46.140+0000] {processor.py:830} INFO - Processing file /opt/airflow/dags/price_improvement_dag.py for tasks to queue
[2024-07-29T13:03:46.143+0000] {logging_mixin.py:188} INFO - [2024-07-29T13:03:46.142+0000] {dagbag.py:545} INFO - Filling up the DagBag from /opt/airflow/dags/price_improvement_dag.py
[2024-07-29T13:03:46.392+0000] {processor.py:840} INFO - DAG(s) 'price_improvement_dag' retrieved from /opt/airflow/dags/price_improvement_dag.py
[2024-07-29T13:03:46.402+0000] {logging_mixin.py:188} INFO - [2024-07-29T13:03:46.402+0000] {dag.py:3089} INFO - Sync 1 DAGs
[2024-07-29T13:03:46.410+0000] {logging_mixin.py:188} INFO - [2024-07-29T13:03:46.410+0000] {dag.py:3947} INFO - Setting next_dagrun for price_improvement_dag to 2024-07-29 00:00:00+00:00, run_after=2024-07-30 00:00:00+00:00
[2024-07-29T13:03:46.417+0000] {processor.py:183} INFO - Processing /opt/airflow/dags/price_improvement_dag.py took 0.286 seconds
[2024-07-29T13:04:16.685+0000] {processor.py:161} INFO - Started process (PID=240) to work on /opt/airflow/dags/price_improvement_dag.py
[2024-07-29T13:04:16.687+0000] {processor.py:830} INFO - Processing file /opt/airflow/dags/price_improvement_dag.py for tasks to queue
[2024-07-29T13:04:16.688+0000] {logging_mixin.py:188} INFO - [2024-07-29T13:04:16.688+0000] {dagbag.py:545} INFO - Filling up the DagBag from /opt/airflow/dags/price_improvement_dag.py
[2024-07-29T13:04:16.941+0000] {processor.py:840} INFO - DAG(s) 'price_improvement_dag' retrieved from /opt/airflow/dags/price_improvement_dag.py
[2024-07-29T13:04:16.952+0000] {logging_mixin.py:188} INFO - [2024-07-29T13:04:16.952+0000] {dag.py:3089} INFO - Sync 1 DAGs
[2024-07-29T13:04:16.960+0000] {logging_mixin.py:188} INFO - [2024-07-29T13:04:16.960+0000] {dag.py:3947} INFO - Setting next_dagrun for price_improvement_dag to 2024-07-29 00:00:00+00:00, run_after=2024-07-30 00:00:00+00:00
[2024-07-29T13:04:16.966+0000] {processor.py:183} INFO - Processing /opt/airflow/dags/price_improvement_dag.py took 0.288 seconds
[2024-07-29T13:04:47.276+0000] {processor.py:161} INFO - Started process (PID=248) to work on /opt/airflow/dags/price_improvement_dag.py
[2024-07-29T13:04:47.277+0000] {processor.py:830} INFO - Processing file /opt/airflow/dags/price_improvement_dag.py for tasks to queue
[2024-07-29T13:04:47.280+0000] {logging_mixin.py:188} INFO - [2024-07-29T13:04:47.279+0000] {dagbag.py:545} INFO - Filling up the DagBag from /opt/airflow/dags/price_improvement_dag.py
[2024-07-29T13:04:47.532+0000] {processor.py:840} INFO - DAG(s) 'price_improvement_dag' retrieved from /opt/airflow/dags/price_improvement_dag.py
[2024-07-29T13:04:47.542+0000] {logging_mixin.py:188} INFO - [2024-07-29T13:04:47.542+0000] {dag.py:3089} INFO - Sync 1 DAGs
[2024-07-29T13:04:47.550+0000] {logging_mixin.py:188} INFO - [2024-07-29T13:04:47.550+0000] {dag.py:3947} INFO - Setting next_dagrun for price_improvement_dag to 2024-07-29 00:00:00+00:00, run_after=2024-07-30 00:00:00+00:00
[2024-07-29T13:04:47.557+0000] {processor.py:183} INFO - Processing /opt/airflow/dags/price_improvement_dag.py took 0.289 seconds
[2024-07-29T13:05:17.824+0000] {processor.py:161} INFO - Started process (PID=256) to work on /opt/airflow/dags/price_improvement_dag.py
[2024-07-29T13:05:17.825+0000] {processor.py:830} INFO - Processing file /opt/airflow/dags/price_improvement_dag.py for tasks to queue
[2024-07-29T13:05:17.828+0000] {logging_mixin.py:188} INFO - [2024-07-29T13:05:17.827+0000] {dagbag.py:545} INFO - Filling up the DagBag from /opt/airflow/dags/price_improvement_dag.py
[2024-07-29T13:05:18.075+0000] {processor.py:840} INFO - DAG(s) 'price_improvement_dag' retrieved from /opt/airflow/dags/price_improvement_dag.py
[2024-07-29T13:05:18.086+0000] {logging_mixin.py:188} INFO - [2024-07-29T13:05:18.086+0000] {dag.py:3089} INFO - Sync 1 DAGs
[2024-07-29T13:05:18.096+0000] {logging_mixin.py:188} INFO - [2024-07-29T13:05:18.096+0000] {dag.py:3947} INFO - Setting next_dagrun for price_improvement_dag to 2024-07-29 00:00:00+00:00, run_after=2024-07-30 00:00:00+00:00
[2024-07-29T13:05:18.103+0000] {processor.py:183} INFO - Processing /opt/airflow/dags/price_improvement_dag.py took 0.286 seconds
[2024-07-29T13:05:48.332+0000] {processor.py:161} INFO - Started process (PID=264) to work on /opt/airflow/dags/price_improvement_dag.py
[2024-07-29T13:05:48.334+0000] {processor.py:830} INFO - Processing file /opt/airflow/dags/price_improvement_dag.py for tasks to queue
[2024-07-29T13:05:48.336+0000] {logging_mixin.py:188} INFO - [2024-07-29T13:05:48.335+0000] {dagbag.py:545} INFO - Filling up the DagBag from /opt/airflow/dags/price_improvement_dag.py
[2024-07-29T13:05:48.585+0000] {processor.py:840} INFO - DAG(s) 'price_improvement_dag' retrieved from /opt/airflow/dags/price_improvement_dag.py
[2024-07-29T13:05:48.596+0000] {logging_mixin.py:188} INFO - [2024-07-29T13:05:48.595+0000] {dag.py:3089} INFO - Sync 1 DAGs
[2024-07-29T13:05:48.603+0000] {logging_mixin.py:188} INFO - [2024-07-29T13:05:48.603+0000] {dag.py:3947} INFO - Setting next_dagrun for price_improvement_dag to 2024-07-29 00:00:00+00:00, run_after=2024-07-30 00:00:00+00:00
[2024-07-29T13:05:48.611+0000] {processor.py:183} INFO - Processing /opt/airflow/dags/price_improvement_dag.py took 0.287 seconds
[2024-07-29T13:06:18.919+0000] {processor.py:161} INFO - Started process (PID=272) to work on /opt/airflow/dags/price_improvement_dag.py
[2024-07-29T13:06:18.920+0000] {processor.py:830} INFO - Processing file /opt/airflow/dags/price_improvement_dag.py for tasks to queue
[2024-07-29T13:06:18.922+0000] {logging_mixin.py:188} INFO - [2024-07-29T13:06:18.922+0000] {dagbag.py:545} INFO - Filling up the DagBag from /opt/airflow/dags/price_improvement_dag.py
[2024-07-29T13:06:19.175+0000] {processor.py:840} INFO - DAG(s) 'price_improvement_dag' retrieved from /opt/airflow/dags/price_improvement_dag.py
[2024-07-29T13:06:19.185+0000] {logging_mixin.py:188} INFO - [2024-07-29T13:06:19.185+0000] {dag.py:3089} INFO - Sync 1 DAGs
[2024-07-29T13:06:19.194+0000] {logging_mixin.py:188} INFO - [2024-07-29T13:06:19.193+0000] {dag.py:3947} INFO - Setting next_dagrun for price_improvement_dag to 2024-07-29 00:00:00+00:00, run_after=2024-07-30 00:00:00+00:00
[2024-07-29T13:06:19.200+0000] {processor.py:183} INFO - Processing /opt/airflow/dags/price_improvement_dag.py took 0.289 seconds
[2024-07-29T13:06:49.229+0000] {processor.py:161} INFO - Started process (PID=280) to work on /opt/airflow/dags/price_improvement_dag.py
[2024-07-29T13:06:49.231+0000] {processor.py:830} INFO - Processing file /opt/airflow/dags/price_improvement_dag.py for tasks to queue
[2024-07-29T13:06:49.232+0000] {logging_mixin.py:188} INFO - [2024-07-29T13:06:49.232+0000] {dagbag.py:545} INFO - Filling up the DagBag from /opt/airflow/dags/price_improvement_dag.py
[2024-07-29T13:06:49.482+0000] {processor.py:840} INFO - DAG(s) 'price_improvement_dag' retrieved from /opt/airflow/dags/price_improvement_dag.py
[2024-07-29T13:06:49.493+0000] {logging_mixin.py:188} INFO - [2024-07-29T13:06:49.493+0000] {dag.py:3089} INFO - Sync 1 DAGs
[2024-07-29T13:06:49.500+0000] {logging_mixin.py:188} INFO - [2024-07-29T13:06:49.500+0000] {dag.py:3947} INFO - Setting next_dagrun for price_improvement_dag to 2024-07-29 00:00:00+00:00, run_after=2024-07-30 00:00:00+00:00
[2024-07-29T13:06:49.507+0000] {processor.py:183} INFO - Processing /opt/airflow/dags/price_improvement_dag.py took 0.286 seconds
[2024-07-29T13:07:19.741+0000] {processor.py:161} INFO - Started process (PID=288) to work on /opt/airflow/dags/price_improvement_dag.py
[2024-07-29T13:07:19.742+0000] {processor.py:830} INFO - Processing file /opt/airflow/dags/price_improvement_dag.py for tasks to queue
[2024-07-29T13:07:19.743+0000] {logging_mixin.py:188} INFO - [2024-07-29T13:07:19.743+0000] {dagbag.py:545} INFO - Filling up the DagBag from /opt/airflow/dags/price_improvement_dag.py
[2024-07-29T13:07:19.996+0000] {processor.py:840} INFO - DAG(s) 'price_improvement_dag' retrieved from /opt/airflow/dags/price_improvement_dag.py
[2024-07-29T13:07:20.008+0000] {logging_mixin.py:188} INFO - [2024-07-29T13:07:20.007+0000] {dag.py:3089} INFO - Sync 1 DAGs
[2024-07-29T13:07:20.015+0000] {logging_mixin.py:188} INFO - [2024-07-29T13:07:20.015+0000] {dag.py:3947} INFO - Setting next_dagrun for price_improvement_dag to 2024-07-29 00:00:00+00:00, run_after=2024-07-30 00:00:00+00:00
[2024-07-29T13:07:20.022+0000] {processor.py:183} INFO - Processing /opt/airflow/dags/price_improvement_dag.py took 0.290 seconds
[2024-07-29T13:07:50.307+0000] {processor.py:161} INFO - Started process (PID=296) to work on /opt/airflow/dags/price_improvement_dag.py
[2024-07-29T13:07:50.309+0000] {processor.py:830} INFO - Processing file /opt/airflow/dags/price_improvement_dag.py for tasks to queue
[2024-07-29T13:07:50.311+0000] {logging_mixin.py:188} INFO - [2024-07-29T13:07:50.311+0000] {dagbag.py:545} INFO - Filling up the DagBag from /opt/airflow/dags/price_improvement_dag.py
[2024-07-29T13:07:50.560+0000] {processor.py:840} INFO - DAG(s) 'price_improvement_dag' retrieved from /opt/airflow/dags/price_improvement_dag.py
[2024-07-29T13:07:50.571+0000] {logging_mixin.py:188} INFO - [2024-07-29T13:07:50.571+0000] {dag.py:3089} INFO - Sync 1 DAGs
[2024-07-29T13:07:50.579+0000] {logging_mixin.py:188} INFO - [2024-07-29T13:07:50.579+0000] {dag.py:3947} INFO - Setting next_dagrun for price_improvement_dag to 2024-07-29 00:00:00+00:00, run_after=2024-07-30 00:00:00+00:00
[2024-07-29T13:07:50.586+0000] {processor.py:183} INFO - Processing /opt/airflow/dags/price_improvement_dag.py took 0.287 seconds
[2024-07-29T13:08:20.852+0000] {processor.py:161} INFO - Started process (PID=310) to work on /opt/airflow/dags/price_improvement_dag.py
[2024-07-29T13:08:20.853+0000] {processor.py:830} INFO - Processing file /opt/airflow/dags/price_improvement_dag.py for tasks to queue
[2024-07-29T13:08:20.855+0000] {logging_mixin.py:188} INFO - [2024-07-29T13:08:20.854+0000] {dagbag.py:545} INFO - Filling up the DagBag from /opt/airflow/dags/price_improvement_dag.py
[2024-07-29T13:08:21.101+0000] {processor.py:840} INFO - DAG(s) 'price_improvement_dag' retrieved from /opt/airflow/dags/price_improvement_dag.py
[2024-07-29T13:08:21.111+0000] {logging_mixin.py:188} INFO - [2024-07-29T13:08:21.111+0000] {dag.py:3089} INFO - Sync 1 DAGs
[2024-07-29T13:08:21.119+0000] {logging_mixin.py:188} INFO - [2024-07-29T13:08:21.119+0000] {dag.py:3947} INFO - Setting next_dagrun for price_improvement_dag to 2024-07-29 00:00:00+00:00, run_after=2024-07-30 00:00:00+00:00
[2024-07-29T13:08:21.125+0000] {processor.py:183} INFO - Processing /opt/airflow/dags/price_improvement_dag.py took 0.279 seconds
[2024-07-29T13:08:51.404+0000] {processor.py:161} INFO - Started process (PID=318) to work on /opt/airflow/dags/price_improvement_dag.py
[2024-07-29T13:08:51.406+0000] {processor.py:830} INFO - Processing file /opt/airflow/dags/price_improvement_dag.py for tasks to queue
[2024-07-29T13:08:51.408+0000] {logging_mixin.py:188} INFO - [2024-07-29T13:08:51.408+0000] {dagbag.py:545} INFO - Filling up the DagBag from /opt/airflow/dags/price_improvement_dag.py
[2024-07-29T13:08:51.655+0000] {processor.py:840} INFO - DAG(s) 'price_improvement_dag' retrieved from /opt/airflow/dags/price_improvement_dag.py
[2024-07-29T13:08:51.665+0000] {logging_mixin.py:188} INFO - [2024-07-29T13:08:51.665+0000] {dag.py:3089} INFO - Sync 1 DAGs
[2024-07-29T13:08:51.673+0000] {logging_mixin.py:188} INFO - [2024-07-29T13:08:51.673+0000] {dag.py:3947} INFO - Setting next_dagrun for price_improvement_dag to 2024-07-29 00:00:00+00:00, run_after=2024-07-30 00:00:00+00:00
[2024-07-29T13:08:51.680+0000] {processor.py:183} INFO - Processing /opt/airflow/dags/price_improvement_dag.py took 0.284 seconds
[2024-07-29T13:09:21.717+0000] {processor.py:161} INFO - Started process (PID=326) to work on /opt/airflow/dags/price_improvement_dag.py
[2024-07-29T13:09:21.719+0000] {processor.py:830} INFO - Processing file /opt/airflow/dags/price_improvement_dag.py for tasks to queue
[2024-07-29T13:09:21.721+0000] {logging_mixin.py:188} INFO - [2024-07-29T13:09:21.720+0000] {dagbag.py:545} INFO - Filling up the DagBag from /opt/airflow/dags/price_improvement_dag.py
[2024-07-29T13:09:21.991+0000] {processor.py:840} INFO - DAG(s) 'price_improvement_dag' retrieved from /opt/airflow/dags/price_improvement_dag.py
[2024-07-29T13:09:22.003+0000] {logging_mixin.py:188} INFO - [2024-07-29T13:09:22.003+0000] {dag.py:3089} INFO - Sync 1 DAGs
[2024-07-29T13:09:22.013+0000] {logging_mixin.py:188} INFO - [2024-07-29T13:09:22.013+0000] {dag.py:3947} INFO - Setting next_dagrun for price_improvement_dag to 2024-07-29 00:00:00+00:00, run_after=2024-07-30 00:00:00+00:00
[2024-07-29T13:09:22.021+0000] {processor.py:183} INFO - Processing /opt/airflow/dags/price_improvement_dag.py took 0.312 seconds
[2024-07-29T13:09:52.200+0000] {processor.py:161} INFO - Started process (PID=334) to work on /opt/airflow/dags/price_improvement_dag.py
[2024-07-29T13:09:52.201+0000] {processor.py:830} INFO - Processing file /opt/airflow/dags/price_improvement_dag.py for tasks to queue
[2024-07-29T13:09:52.203+0000] {logging_mixin.py:188} INFO - [2024-07-29T13:09:52.203+0000] {dagbag.py:545} INFO - Filling up the DagBag from /opt/airflow/dags/price_improvement_dag.py
[2024-07-29T13:09:52.471+0000] {processor.py:840} INFO - DAG(s) 'price_improvement_dag' retrieved from /opt/airflow/dags/price_improvement_dag.py
[2024-07-29T13:09:52.482+0000] {logging_mixin.py:188} INFO - [2024-07-29T13:09:52.482+0000] {dag.py:3089} INFO - Sync 1 DAGs
[2024-07-29T13:09:52.491+0000] {logging_mixin.py:188} INFO - [2024-07-29T13:09:52.491+0000] {dag.py:3947} INFO - Setting next_dagrun for price_improvement_dag to 2024-07-29 00:00:00+00:00, run_after=2024-07-30 00:00:00+00:00
[2024-07-29T13:09:52.500+0000] {processor.py:183} INFO - Processing /opt/airflow/dags/price_improvement_dag.py took 0.308 seconds
[2024-07-29T13:10:22.780+0000] {processor.py:161} INFO - Started process (PID=342) to work on /opt/airflow/dags/price_improvement_dag.py
[2024-07-29T13:10:22.781+0000] {processor.py:830} INFO - Processing file /opt/airflow/dags/price_improvement_dag.py for tasks to queue
[2024-07-29T13:10:22.783+0000] {logging_mixin.py:188} INFO - [2024-07-29T13:10:22.783+0000] {dagbag.py:545} INFO - Filling up the DagBag from /opt/airflow/dags/price_improvement_dag.py
[2024-07-29T13:10:23.032+0000] {processor.py:840} INFO - DAG(s) 'price_improvement_dag' retrieved from /opt/airflow/dags/price_improvement_dag.py
[2024-07-29T13:10:23.043+0000] {logging_mixin.py:188} INFO - [2024-07-29T13:10:23.043+0000] {dag.py:3089} INFO - Sync 1 DAGs
[2024-07-29T13:10:23.051+0000] {logging_mixin.py:188} INFO - [2024-07-29T13:10:23.050+0000] {dag.py:3947} INFO - Setting next_dagrun for price_improvement_dag to 2024-07-29 00:00:00+00:00, run_after=2024-07-30 00:00:00+00:00
[2024-07-29T13:10:23.057+0000] {processor.py:183} INFO - Processing /opt/airflow/dags/price_improvement_dag.py took 0.286 seconds
[2024-07-29T13:10:53.346+0000] {processor.py:161} INFO - Started process (PID=350) to work on /opt/airflow/dags/price_improvement_dag.py
[2024-07-29T13:10:53.348+0000] {processor.py:830} INFO - Processing file /opt/airflow/dags/price_improvement_dag.py for tasks to queue
[2024-07-29T13:10:53.350+0000] {logging_mixin.py:188} INFO - [2024-07-29T13:10:53.349+0000] {dagbag.py:545} INFO - Filling up the DagBag from /opt/airflow/dags/price_improvement_dag.py
[2024-07-29T13:10:53.599+0000] {processor.py:840} INFO - DAG(s) 'price_improvement_dag' retrieved from /opt/airflow/dags/price_improvement_dag.py
[2024-07-29T13:10:53.609+0000] {logging_mixin.py:188} INFO - [2024-07-29T13:10:53.609+0000] {dag.py:3089} INFO - Sync 1 DAGs
[2024-07-29T13:10:53.617+0000] {logging_mixin.py:188} INFO - [2024-07-29T13:10:53.617+0000] {dag.py:3947} INFO - Setting next_dagrun for price_improvement_dag to 2024-07-29 00:00:00+00:00, run_after=2024-07-30 00:00:00+00:00
[2024-07-29T13:10:53.624+0000] {processor.py:183} INFO - Processing /opt/airflow/dags/price_improvement_dag.py took 0.286 seconds
[2024-07-29T13:11:23.885+0000] {processor.py:161} INFO - Started process (PID=358) to work on /opt/airflow/dags/price_improvement_dag.py
[2024-07-29T13:11:23.887+0000] {processor.py:830} INFO - Processing file /opt/airflow/dags/price_improvement_dag.py for tasks to queue
[2024-07-29T13:11:23.889+0000] {logging_mixin.py:188} INFO - [2024-07-29T13:11:23.888+0000] {dagbag.py:545} INFO - Filling up the DagBag from /opt/airflow/dags/price_improvement_dag.py
[2024-07-29T13:11:24.136+0000] {processor.py:840} INFO - DAG(s) 'price_improvement_dag' retrieved from /opt/airflow/dags/price_improvement_dag.py
[2024-07-29T13:11:24.146+0000] {logging_mixin.py:188} INFO - [2024-07-29T13:11:24.146+0000] {dag.py:3089} INFO - Sync 1 DAGs
[2024-07-29T13:11:24.154+0000] {logging_mixin.py:188} INFO - [2024-07-29T13:11:24.154+0000] {dag.py:3947} INFO - Setting next_dagrun for price_improvement_dag to 2024-07-29 00:00:00+00:00, run_after=2024-07-30 00:00:00+00:00
[2024-07-29T13:11:24.160+0000] {processor.py:183} INFO - Processing /opt/airflow/dags/price_improvement_dag.py took 0.283 seconds
[2024-07-29T13:11:54.427+0000] {processor.py:161} INFO - Started process (PID=366) to work on /opt/airflow/dags/price_improvement_dag.py
[2024-07-29T13:11:54.430+0000] {processor.py:830} INFO - Processing file /opt/airflow/dags/price_improvement_dag.py for tasks to queue
[2024-07-29T13:11:54.432+0000] {logging_mixin.py:188} INFO - [2024-07-29T13:11:54.431+0000] {dagbag.py:545} INFO - Filling up the DagBag from /opt/airflow/dags/price_improvement_dag.py
[2024-07-29T13:11:54.938+0000] {processor.py:840} INFO - DAG(s) 'price_improvement_dag' retrieved from /opt/airflow/dags/price_improvement_dag.py
[2024-07-29T13:11:54.956+0000] {logging_mixin.py:188} INFO - [2024-07-29T13:11:54.955+0000] {dag.py:3089} INFO - Sync 1 DAGs
[2024-07-29T13:11:54.970+0000] {logging_mixin.py:188} INFO - [2024-07-29T13:11:54.970+0000] {dag.py:3947} INFO - Setting next_dagrun for price_improvement_dag to 2024-07-29 00:00:00+00:00, run_after=2024-07-30 00:00:00+00:00
[2024-07-29T13:11:54.983+0000] {processor.py:183} INFO - Processing /opt/airflow/dags/price_improvement_dag.py took 0.561 seconds
[2024-07-29T13:12:25.313+0000] {processor.py:161} INFO - Started process (PID=374) to work on /opt/airflow/dags/price_improvement_dag.py
[2024-07-29T13:12:25.314+0000] {processor.py:830} INFO - Processing file /opt/airflow/dags/price_improvement_dag.py for tasks to queue
[2024-07-29T13:12:25.316+0000] {logging_mixin.py:188} INFO - [2024-07-29T13:12:25.316+0000] {dagbag.py:545} INFO - Filling up the DagBag from /opt/airflow/dags/price_improvement_dag.py
[2024-07-29T13:12:25.582+0000] {processor.py:840} INFO - DAG(s) 'price_improvement_dag' retrieved from /opt/airflow/dags/price_improvement_dag.py
[2024-07-29T13:12:25.593+0000] {logging_mixin.py:188} INFO - [2024-07-29T13:12:25.593+0000] {dag.py:3089} INFO - Sync 1 DAGs
[2024-07-29T13:12:25.603+0000] {logging_mixin.py:188} INFO - [2024-07-29T13:12:25.603+0000] {dag.py:3947} INFO - Setting next_dagrun for price_improvement_dag to 2024-07-29 00:00:00+00:00, run_after=2024-07-30 00:00:00+00:00
[2024-07-29T13:12:25.611+0000] {processor.py:183} INFO - Processing /opt/airflow/dags/price_improvement_dag.py took 0.303 seconds
[2024-07-29T13:12:55.884+0000] {processor.py:161} INFO - Started process (PID=382) to work on /opt/airflow/dags/price_improvement_dag.py
[2024-07-29T13:12:55.885+0000] {processor.py:830} INFO - Processing file /opt/airflow/dags/price_improvement_dag.py for tasks to queue
[2024-07-29T13:12:55.887+0000] {logging_mixin.py:188} INFO - [2024-07-29T13:12:55.886+0000] {dagbag.py:545} INFO - Filling up the DagBag from /opt/airflow/dags/price_improvement_dag.py
[2024-07-29T13:12:56.137+0000] {processor.py:840} INFO - DAG(s) 'price_improvement_dag' retrieved from /opt/airflow/dags/price_improvement_dag.py
[2024-07-29T13:12:56.147+0000] {logging_mixin.py:188} INFO - [2024-07-29T13:12:56.147+0000] {dag.py:3089} INFO - Sync 1 DAGs
[2024-07-29T13:12:56.156+0000] {logging_mixin.py:188} INFO - [2024-07-29T13:12:56.156+0000] {dag.py:3947} INFO - Setting next_dagrun for price_improvement_dag to 2024-07-29 00:00:00+00:00, run_after=2024-07-30 00:00:00+00:00
[2024-07-29T13:12:56.162+0000] {processor.py:183} INFO - Processing /opt/airflow/dags/price_improvement_dag.py took 0.286 seconds
[2024-07-29T13:13:26.461+0000] {processor.py:161} INFO - Started process (PID=390) to work on /opt/airflow/dags/price_improvement_dag.py
[2024-07-29T13:13:26.462+0000] {processor.py:830} INFO - Processing file /opt/airflow/dags/price_improvement_dag.py for tasks to queue
[2024-07-29T13:13:26.465+0000] {logging_mixin.py:188} INFO - [2024-07-29T13:13:26.465+0000] {dagbag.py:545} INFO - Filling up the DagBag from /opt/airflow/dags/price_improvement_dag.py
[2024-07-29T13:13:26.712+0000] {processor.py:840} INFO - DAG(s) 'price_improvement_dag' retrieved from /opt/airflow/dags/price_improvement_dag.py
[2024-07-29T13:13:26.724+0000] {logging_mixin.py:188} INFO - [2024-07-29T13:13:26.723+0000] {dag.py:3089} INFO - Sync 1 DAGs
[2024-07-29T13:13:26.731+0000] {logging_mixin.py:188} INFO - [2024-07-29T13:13:26.731+0000] {dag.py:3947} INFO - Setting next_dagrun for price_improvement_dag to 2024-07-29 00:00:00+00:00, run_after=2024-07-30 00:00:00+00:00
[2024-07-29T13:13:26.738+0000] {processor.py:183} INFO - Processing /opt/airflow/dags/price_improvement_dag.py took 0.285 seconds
[2024-07-29T13:13:56.780+0000] {processor.py:161} INFO - Started process (PID=398) to work on /opt/airflow/dags/price_improvement_dag.py
[2024-07-29T13:13:56.781+0000] {processor.py:830} INFO - Processing file /opt/airflow/dags/price_improvement_dag.py for tasks to queue
[2024-07-29T13:13:56.782+0000] {logging_mixin.py:188} INFO - [2024-07-29T13:13:56.782+0000] {dagbag.py:545} INFO - Filling up the DagBag from /opt/airflow/dags/price_improvement_dag.py
[2024-07-29T13:13:57.022+0000] {processor.py:840} INFO - DAG(s) 'price_improvement_dag' retrieved from /opt/airflow/dags/price_improvement_dag.py
[2024-07-29T13:13:57.033+0000] {logging_mixin.py:188} INFO - [2024-07-29T13:13:57.032+0000] {dag.py:3089} INFO - Sync 1 DAGs
[2024-07-29T13:13:57.040+0000] {logging_mixin.py:188} INFO - [2024-07-29T13:13:57.040+0000] {dag.py:3947} INFO - Setting next_dagrun for price_improvement_dag to 2024-07-29 00:00:00+00:00, run_after=2024-07-30 00:00:00+00:00
[2024-07-29T13:13:57.047+0000] {processor.py:183} INFO - Processing /opt/airflow/dags/price_improvement_dag.py took 0.270 seconds
[2024-07-29T13:14:27.290+0000] {processor.py:161} INFO - Started process (PID=406) to work on /opt/airflow/dags/price_improvement_dag.py
[2024-07-29T13:14:27.291+0000] {processor.py:830} INFO - Processing file /opt/airflow/dags/price_improvement_dag.py for tasks to queue
[2024-07-29T13:14:27.294+0000] {logging_mixin.py:188} INFO - [2024-07-29T13:14:27.294+0000] {dagbag.py:545} INFO - Filling up the DagBag from /opt/airflow/dags/price_improvement_dag.py
[2024-07-29T13:14:27.544+0000] {processor.py:840} INFO - DAG(s) 'price_improvement_dag' retrieved from /opt/airflow/dags/price_improvement_dag.py
[2024-07-29T13:14:27.555+0000] {logging_mixin.py:188} INFO - [2024-07-29T13:14:27.554+0000] {dag.py:3089} INFO - Sync 1 DAGs
[2024-07-29T13:14:27.563+0000] {logging_mixin.py:188} INFO - [2024-07-29T13:14:27.562+0000] {dag.py:3947} INFO - Setting next_dagrun for price_improvement_dag to 2024-07-29 00:00:00+00:00, run_after=2024-07-30 00:00:00+00:00
[2024-07-29T13:14:27.568+0000] {processor.py:183} INFO - Processing /opt/airflow/dags/price_improvement_dag.py took 0.284 seconds
[2024-07-29T13:14:57.802+0000] {processor.py:161} INFO - Started process (PID=414) to work on /opt/airflow/dags/price_improvement_dag.py
[2024-07-29T13:14:57.804+0000] {processor.py:830} INFO - Processing file /opt/airflow/dags/price_improvement_dag.py for tasks to queue
[2024-07-29T13:14:57.806+0000] {logging_mixin.py:188} INFO - [2024-07-29T13:14:57.806+0000] {dagbag.py:545} INFO - Filling up the DagBag from /opt/airflow/dags/price_improvement_dag.py
[2024-07-29T13:14:58.049+0000] {processor.py:840} INFO - DAG(s) 'price_improvement_dag' retrieved from /opt/airflow/dags/price_improvement_dag.py
[2024-07-29T13:14:58.060+0000] {logging_mixin.py:188} INFO - [2024-07-29T13:14:58.059+0000] {dag.py:3089} INFO - Sync 1 DAGs
[2024-07-29T13:14:58.067+0000] {logging_mixin.py:188} INFO - [2024-07-29T13:14:58.067+0000] {dag.py:3947} INFO - Setting next_dagrun for price_improvement_dag to 2024-07-29 00:00:00+00:00, run_after=2024-07-30 00:00:00+00:00
[2024-07-29T13:14:58.074+0000] {processor.py:183} INFO - Processing /opt/airflow/dags/price_improvement_dag.py took 0.278 seconds
[2024-07-29T13:15:28.359+0000] {processor.py:161} INFO - Started process (PID=422) to work on /opt/airflow/dags/price_improvement_dag.py
[2024-07-29T13:15:28.360+0000] {processor.py:830} INFO - Processing file /opt/airflow/dags/price_improvement_dag.py for tasks to queue
[2024-07-29T13:15:28.363+0000] {logging_mixin.py:188} INFO - [2024-07-29T13:15:28.363+0000] {dagbag.py:545} INFO - Filling up the DagBag from /opt/airflow/dags/price_improvement_dag.py
[2024-07-29T13:15:28.618+0000] {processor.py:840} INFO - DAG(s) 'price_improvement_dag' retrieved from /opt/airflow/dags/price_improvement_dag.py
[2024-07-29T13:15:28.628+0000] {logging_mixin.py:188} INFO - [2024-07-29T13:15:28.628+0000] {dag.py:3089} INFO - Sync 1 DAGs
[2024-07-29T13:15:28.637+0000] {logging_mixin.py:188} INFO - [2024-07-29T13:15:28.637+0000] {dag.py:3947} INFO - Setting next_dagrun for price_improvement_dag to 2024-07-29 00:00:00+00:00, run_after=2024-07-30 00:00:00+00:00
[2024-07-29T13:15:28.643+0000] {processor.py:183} INFO - Processing /opt/airflow/dags/price_improvement_dag.py took 0.291 seconds
[2024-07-29T13:15:58.905+0000] {processor.py:161} INFO - Started process (PID=430) to work on /opt/airflow/dags/price_improvement_dag.py
[2024-07-29T13:15:58.906+0000] {processor.py:830} INFO - Processing file /opt/airflow/dags/price_improvement_dag.py for tasks to queue
[2024-07-29T13:15:58.910+0000] {logging_mixin.py:188} INFO - [2024-07-29T13:15:58.910+0000] {dagbag.py:545} INFO - Filling up the DagBag from /opt/airflow/dags/price_improvement_dag.py
[2024-07-29T13:15:59.175+0000] {processor.py:840} INFO - DAG(s) 'price_improvement_dag' retrieved from /opt/airflow/dags/price_improvement_dag.py
[2024-07-29T13:15:59.186+0000] {logging_mixin.py:188} INFO - [2024-07-29T13:15:59.185+0000] {dag.py:3089} INFO - Sync 1 DAGs
[2024-07-29T13:15:59.194+0000] {logging_mixin.py:188} INFO - [2024-07-29T13:15:59.194+0000] {dag.py:3947} INFO - Setting next_dagrun for price_improvement_dag to 2024-07-29 00:00:00+00:00, run_after=2024-07-30 00:00:00+00:00
[2024-07-29T13:15:59.201+0000] {processor.py:183} INFO - Processing /opt/airflow/dags/price_improvement_dag.py took 0.304 seconds
[2024-07-29T13:16:29.492+0000] {processor.py:161} INFO - Started process (PID=438) to work on /opt/airflow/dags/price_improvement_dag.py
[2024-07-29T13:16:29.494+0000] {processor.py:830} INFO - Processing file /opt/airflow/dags/price_improvement_dag.py for tasks to queue
[2024-07-29T13:16:29.497+0000] {logging_mixin.py:188} INFO - [2024-07-29T13:16:29.497+0000] {dagbag.py:545} INFO - Filling up the DagBag from /opt/airflow/dags/price_improvement_dag.py
[2024-07-29T13:16:29.759+0000] {processor.py:840} INFO - DAG(s) 'price_improvement_dag' retrieved from /opt/airflow/dags/price_improvement_dag.py
[2024-07-29T13:16:29.770+0000] {logging_mixin.py:188} INFO - [2024-07-29T13:16:29.769+0000] {dag.py:3089} INFO - Sync 1 DAGs
[2024-07-29T13:16:29.777+0000] {logging_mixin.py:188} INFO - [2024-07-29T13:16:29.777+0000] {dag.py:3947} INFO - Setting next_dagrun for price_improvement_dag to 2024-07-29 00:00:00+00:00, run_after=2024-07-30 00:00:00+00:00
[2024-07-29T13:16:29.784+0000] {processor.py:183} INFO - Processing /opt/airflow/dags/price_improvement_dag.py took 0.301 seconds
[2024-07-29T13:17:00.056+0000] {processor.py:161} INFO - Started process (PID=446) to work on /opt/airflow/dags/price_improvement_dag.py
[2024-07-29T13:17:00.057+0000] {processor.py:830} INFO - Processing file /opt/airflow/dags/price_improvement_dag.py for tasks to queue
[2024-07-29T13:17:00.059+0000] {logging_mixin.py:188} INFO - [2024-07-29T13:17:00.059+0000] {dagbag.py:545} INFO - Filling up the DagBag from /opt/airflow/dags/price_improvement_dag.py
[2024-07-29T13:17:00.309+0000] {processor.py:840} INFO - DAG(s) 'price_improvement_dag' retrieved from /opt/airflow/dags/price_improvement_dag.py
[2024-07-29T13:17:00.319+0000] {logging_mixin.py:188} INFO - [2024-07-29T13:17:00.319+0000] {dag.py:3089} INFO - Sync 1 DAGs
[2024-07-29T13:17:00.327+0000] {logging_mixin.py:188} INFO - [2024-07-29T13:17:00.326+0000] {dag.py:3947} INFO - Setting next_dagrun for price_improvement_dag to 2024-07-29 00:00:00+00:00, run_after=2024-07-30 00:00:00+00:00
[2024-07-29T13:17:00.333+0000] {processor.py:183} INFO - Processing /opt/airflow/dags/price_improvement_dag.py took 0.285 seconds
[2024-07-29T13:17:30.640+0000] {processor.py:161} INFO - Started process (PID=454) to work on /opt/airflow/dags/price_improvement_dag.py
[2024-07-29T13:17:30.643+0000] {processor.py:830} INFO - Processing file /opt/airflow/dags/price_improvement_dag.py for tasks to queue
[2024-07-29T13:17:30.644+0000] {logging_mixin.py:188} INFO - [2024-07-29T13:17:30.644+0000] {dagbag.py:545} INFO - Filling up the DagBag from /opt/airflow/dags/price_improvement_dag.py
[2024-07-29T13:17:30.890+0000] {processor.py:840} INFO - DAG(s) 'price_improvement_dag' retrieved from /opt/airflow/dags/price_improvement_dag.py
[2024-07-29T13:17:30.900+0000] {logging_mixin.py:188} INFO - [2024-07-29T13:17:30.900+0000] {dag.py:3089} INFO - Sync 1 DAGs
[2024-07-29T13:17:30.908+0000] {logging_mixin.py:188} INFO - [2024-07-29T13:17:30.908+0000] {dag.py:3947} INFO - Setting next_dagrun for price_improvement_dag to 2024-07-29 00:00:00+00:00, run_after=2024-07-30 00:00:00+00:00
[2024-07-29T13:17:30.915+0000] {processor.py:183} INFO - Processing /opt/airflow/dags/price_improvement_dag.py took 0.286 seconds
[2024-07-29T13:18:01.204+0000] {processor.py:161} INFO - Started process (PID=462) to work on /opt/airflow/dags/price_improvement_dag.py
[2024-07-29T13:18:01.205+0000] {processor.py:830} INFO - Processing file /opt/airflow/dags/price_improvement_dag.py for tasks to queue
[2024-07-29T13:18:01.207+0000] {logging_mixin.py:188} INFO - [2024-07-29T13:18:01.207+0000] {dagbag.py:545} INFO - Filling up the DagBag from /opt/airflow/dags/price_improvement_dag.py
[2024-07-29T13:18:01.463+0000] {processor.py:840} INFO - DAG(s) 'price_improvement_dag' retrieved from /opt/airflow/dags/price_improvement_dag.py
[2024-07-29T13:18:01.473+0000] {logging_mixin.py:188} INFO - [2024-07-29T13:18:01.473+0000] {dag.py:3089} INFO - Sync 1 DAGs
[2024-07-29T13:18:01.481+0000] {logging_mixin.py:188} INFO - [2024-07-29T13:18:01.481+0000] {dag.py:3947} INFO - Setting next_dagrun for price_improvement_dag to 2024-07-29 00:00:00+00:00, run_after=2024-07-30 00:00:00+00:00
[2024-07-29T13:18:01.489+0000] {processor.py:183} INFO - Processing /opt/airflow/dags/price_improvement_dag.py took 0.293 seconds
[2024-07-29T13:18:31.750+0000] {processor.py:161} INFO - Started process (PID=470) to work on /opt/airflow/dags/price_improvement_dag.py
[2024-07-29T13:18:31.751+0000] {processor.py:830} INFO - Processing file /opt/airflow/dags/price_improvement_dag.py for tasks to queue
[2024-07-29T13:18:31.753+0000] {logging_mixin.py:188} INFO - [2024-07-29T13:18:31.753+0000] {dagbag.py:545} INFO - Filling up the DagBag from /opt/airflow/dags/price_improvement_dag.py
[2024-07-29T13:18:32.006+0000] {processor.py:840} INFO - DAG(s) 'price_improvement_dag' retrieved from /opt/airflow/dags/price_improvement_dag.py
[2024-07-29T13:18:32.016+0000] {logging_mixin.py:188} INFO - [2024-07-29T13:18:32.016+0000] {dag.py:3089} INFO - Sync 1 DAGs
[2024-07-29T13:18:32.024+0000] {logging_mixin.py:188} INFO - [2024-07-29T13:18:32.024+0000] {dag.py:3947} INFO - Setting next_dagrun for price_improvement_dag to 2024-07-29 00:00:00+00:00, run_after=2024-07-30 00:00:00+00:00
[2024-07-29T13:18:32.031+0000] {processor.py:183} INFO - Processing /opt/airflow/dags/price_improvement_dag.py took 0.289 seconds
[2024-07-29T13:19:02.319+0000] {processor.py:161} INFO - Started process (PID=478) to work on /opt/airflow/dags/price_improvement_dag.py
[2024-07-29T13:19:02.321+0000] {processor.py:830} INFO - Processing file /opt/airflow/dags/price_improvement_dag.py for tasks to queue
[2024-07-29T13:19:02.323+0000] {logging_mixin.py:188} INFO - [2024-07-29T13:19:02.323+0000] {dagbag.py:545} INFO - Filling up the DagBag from /opt/airflow/dags/price_improvement_dag.py
[2024-07-29T13:19:02.574+0000] {processor.py:840} INFO - DAG(s) 'price_improvement_dag' retrieved from /opt/airflow/dags/price_improvement_dag.py
[2024-07-29T13:19:02.585+0000] {logging_mixin.py:188} INFO - [2024-07-29T13:19:02.585+0000] {dag.py:3089} INFO - Sync 1 DAGs
[2024-07-29T13:19:02.592+0000] {logging_mixin.py:188} INFO - [2024-07-29T13:19:02.592+0000] {dag.py:3947} INFO - Setting next_dagrun for price_improvement_dag to 2024-07-29 00:00:00+00:00, run_after=2024-07-30 00:00:00+00:00
[2024-07-29T13:19:02.599+0000] {processor.py:183} INFO - Processing /opt/airflow/dags/price_improvement_dag.py took 0.289 seconds
[2024-07-29T13:19:32.905+0000] {processor.py:161} INFO - Started process (PID=486) to work on /opt/airflow/dags/price_improvement_dag.py
[2024-07-29T13:19:32.907+0000] {processor.py:830} INFO - Processing file /opt/airflow/dags/price_improvement_dag.py for tasks to queue
[2024-07-29T13:19:32.909+0000] {logging_mixin.py:188} INFO - [2024-07-29T13:19:32.908+0000] {dagbag.py:545} INFO - Filling up the DagBag from /opt/airflow/dags/price_improvement_dag.py
[2024-07-29T13:19:33.158+0000] {processor.py:840} INFO - DAG(s) 'price_improvement_dag' retrieved from /opt/airflow/dags/price_improvement_dag.py
[2024-07-29T13:19:33.169+0000] {logging_mixin.py:188} INFO - [2024-07-29T13:19:33.169+0000] {dag.py:3089} INFO - Sync 1 DAGs
[2024-07-29T13:19:33.176+0000] {logging_mixin.py:188} INFO - [2024-07-29T13:19:33.176+0000] {dag.py:3947} INFO - Setting next_dagrun for price_improvement_dag to 2024-07-29 00:00:00+00:00, run_after=2024-07-30 00:00:00+00:00
[2024-07-29T13:19:33.183+0000] {processor.py:183} INFO - Processing /opt/airflow/dags/price_improvement_dag.py took 0.287 seconds
[2024-07-29T13:20:03.424+0000] {processor.py:161} INFO - Started process (PID=494) to work on /opt/airflow/dags/price_improvement_dag.py
[2024-07-29T13:20:03.426+0000] {processor.py:830} INFO - Processing file /opt/airflow/dags/price_improvement_dag.py for tasks to queue
[2024-07-29T13:20:03.429+0000] {logging_mixin.py:188} INFO - [2024-07-29T13:20:03.428+0000] {dagbag.py:545} INFO - Filling up the DagBag from /opt/airflow/dags/price_improvement_dag.py
[2024-07-29T13:20:03.695+0000] {processor.py:840} INFO - DAG(s) 'price_improvement_dag' retrieved from /opt/airflow/dags/price_improvement_dag.py
[2024-07-29T13:20:03.707+0000] {logging_mixin.py:188} INFO - [2024-07-29T13:20:03.707+0000] {dag.py:3089} INFO - Sync 1 DAGs
[2024-07-29T13:20:03.715+0000] {logging_mixin.py:188} INFO - [2024-07-29T13:20:03.715+0000] {dag.py:3947} INFO - Setting next_dagrun for price_improvement_dag to 2024-07-29 00:00:00+00:00, run_after=2024-07-30 00:00:00+00:00
[2024-07-29T13:20:03.722+0000] {processor.py:183} INFO - Processing /opt/airflow/dags/price_improvement_dag.py took 0.307 seconds
[2024-07-29T13:20:33.992+0000] {processor.py:161} INFO - Started process (PID=502) to work on /opt/airflow/dags/price_improvement_dag.py
[2024-07-29T13:20:33.993+0000] {processor.py:830} INFO - Processing file /opt/airflow/dags/price_improvement_dag.py for tasks to queue
[2024-07-29T13:20:33.995+0000] {logging_mixin.py:188} INFO - [2024-07-29T13:20:33.995+0000] {dagbag.py:545} INFO - Filling up the DagBag from /opt/airflow/dags/price_improvement_dag.py
[2024-07-29T13:20:34.242+0000] {processor.py:840} INFO - DAG(s) 'price_improvement_dag' retrieved from /opt/airflow/dags/price_improvement_dag.py
[2024-07-29T13:20:34.253+0000] {logging_mixin.py:188} INFO - [2024-07-29T13:20:34.252+0000] {dag.py:3089} INFO - Sync 1 DAGs
[2024-07-29T13:20:34.260+0000] {logging_mixin.py:188} INFO - [2024-07-29T13:20:34.260+0000] {dag.py:3947} INFO - Setting next_dagrun for price_improvement_dag to 2024-07-29 00:00:00+00:00, run_after=2024-07-30 00:00:00+00:00
[2024-07-29T13:20:34.267+0000] {processor.py:183} INFO - Processing /opt/airflow/dags/price_improvement_dag.py took 0.283 seconds
[2024-07-29T13:21:04.531+0000] {processor.py:161} INFO - Started process (PID=510) to work on /opt/airflow/dags/price_improvement_dag.py
[2024-07-29T13:21:04.532+0000] {processor.py:830} INFO - Processing file /opt/airflow/dags/price_improvement_dag.py for tasks to queue
[2024-07-29T13:21:04.534+0000] {logging_mixin.py:188} INFO - [2024-07-29T13:21:04.534+0000] {dagbag.py:545} INFO - Filling up the DagBag from /opt/airflow/dags/price_improvement_dag.py
[2024-07-29T13:21:04.786+0000] {processor.py:840} INFO - DAG(s) 'price_improvement_dag' retrieved from /opt/airflow/dags/price_improvement_dag.py
[2024-07-29T13:21:04.797+0000] {logging_mixin.py:188} INFO - [2024-07-29T13:21:04.797+0000] {dag.py:3089} INFO - Sync 1 DAGs
[2024-07-29T13:21:04.805+0000] {logging_mixin.py:188} INFO - [2024-07-29T13:21:04.805+0000] {dag.py:3947} INFO - Setting next_dagrun for price_improvement_dag to 2024-07-29 00:00:00+00:00, run_after=2024-07-30 00:00:00+00:00
[2024-07-29T13:21:04.812+0000] {processor.py:183} INFO - Processing /opt/airflow/dags/price_improvement_dag.py took 0.289 seconds
[2024-07-29T13:21:35.031+0000] {processor.py:161} INFO - Started process (PID=518) to work on /opt/airflow/dags/price_improvement_dag.py
[2024-07-29T13:21:35.032+0000] {processor.py:830} INFO - Processing file /opt/airflow/dags/price_improvement_dag.py for tasks to queue
[2024-07-29T13:21:35.034+0000] {logging_mixin.py:188} INFO - [2024-07-29T13:21:35.034+0000] {dagbag.py:545} INFO - Filling up the DagBag from /opt/airflow/dags/price_improvement_dag.py
[2024-07-29T13:21:35.279+0000] {processor.py:840} INFO - DAG(s) 'price_improvement_dag' retrieved from /opt/airflow/dags/price_improvement_dag.py
[2024-07-29T13:21:35.289+0000] {logging_mixin.py:188} INFO - [2024-07-29T13:21:35.289+0000] {dag.py:3089} INFO - Sync 1 DAGs
[2024-07-29T13:21:35.298+0000] {logging_mixin.py:188} INFO - [2024-07-29T13:21:35.298+0000] {dag.py:3947} INFO - Setting next_dagrun for price_improvement_dag to 2024-07-29 00:00:00+00:00, run_after=2024-07-30 00:00:00+00:00
[2024-07-29T13:21:35.304+0000] {processor.py:183} INFO - Processing /opt/airflow/dags/price_improvement_dag.py took 0.280 seconds
[2024-07-29T13:22:05.550+0000] {processor.py:161} INFO - Started process (PID=526) to work on /opt/airflow/dags/price_improvement_dag.py
[2024-07-29T13:22:05.552+0000] {processor.py:830} INFO - Processing file /opt/airflow/dags/price_improvement_dag.py for tasks to queue
[2024-07-29T13:22:05.554+0000] {logging_mixin.py:188} INFO - [2024-07-29T13:22:05.554+0000] {dagbag.py:545} INFO - Filling up the DagBag from /opt/airflow/dags/price_improvement_dag.py
[2024-07-29T13:22:05.800+0000] {processor.py:840} INFO - DAG(s) 'price_improvement_dag' retrieved from /opt/airflow/dags/price_improvement_dag.py
[2024-07-29T13:22:05.811+0000] {logging_mixin.py:188} INFO - [2024-07-29T13:22:05.811+0000] {dag.py:3089} INFO - Sync 1 DAGs
[2024-07-29T13:22:05.819+0000] {logging_mixin.py:188} INFO - [2024-07-29T13:22:05.818+0000] {dag.py:3947} INFO - Setting next_dagrun for price_improvement_dag to 2024-07-29 00:00:00+00:00, run_after=2024-07-30 00:00:00+00:00
[2024-07-29T13:22:05.825+0000] {processor.py:183} INFO - Processing /opt/airflow/dags/price_improvement_dag.py took 0.283 seconds
[2024-07-29T13:22:36.093+0000] {processor.py:161} INFO - Started process (PID=534) to work on /opt/airflow/dags/price_improvement_dag.py
[2024-07-29T13:22:36.095+0000] {processor.py:830} INFO - Processing file /opt/airflow/dags/price_improvement_dag.py for tasks to queue
[2024-07-29T13:22:36.097+0000] {logging_mixin.py:188} INFO - [2024-07-29T13:22:36.096+0000] {dagbag.py:545} INFO - Filling up the DagBag from /opt/airflow/dags/price_improvement_dag.py
[2024-07-29T13:22:36.349+0000] {processor.py:840} INFO - DAG(s) 'price_improvement_dag' retrieved from /opt/airflow/dags/price_improvement_dag.py
[2024-07-29T13:22:36.360+0000] {logging_mixin.py:188} INFO - [2024-07-29T13:22:36.360+0000] {dag.py:3089} INFO - Sync 1 DAGs
[2024-07-29T13:22:36.371+0000] {logging_mixin.py:188} INFO - [2024-07-29T13:22:36.370+0000] {dag.py:3947} INFO - Setting next_dagrun for price_improvement_dag to 2024-07-29 00:00:00+00:00, run_after=2024-07-30 00:00:00+00:00
[2024-07-29T13:22:36.379+0000] {processor.py:183} INFO - Processing /opt/airflow/dags/price_improvement_dag.py took 0.294 seconds
[2024-07-29T13:23:06.638+0000] {processor.py:161} INFO - Started process (PID=542) to work on /opt/airflow/dags/price_improvement_dag.py
[2024-07-29T13:23:06.643+0000] {processor.py:830} INFO - Processing file /opt/airflow/dags/price_improvement_dag.py for tasks to queue
[2024-07-29T13:23:06.645+0000] {logging_mixin.py:188} INFO - [2024-07-29T13:23:06.644+0000] {dagbag.py:545} INFO - Filling up the DagBag from /opt/airflow/dags/price_improvement_dag.py
[2024-07-29T13:23:06.889+0000] {processor.py:840} INFO - DAG(s) 'price_improvement_dag' retrieved from /opt/airflow/dags/price_improvement_dag.py
[2024-07-29T13:23:06.900+0000] {logging_mixin.py:188} INFO - [2024-07-29T13:23:06.900+0000] {dag.py:3089} INFO - Sync 1 DAGs
[2024-07-29T13:23:06.908+0000] {logging_mixin.py:188} INFO - [2024-07-29T13:23:06.908+0000] {dag.py:3947} INFO - Setting next_dagrun for price_improvement_dag to 2024-07-29 00:00:00+00:00, run_after=2024-07-30 00:00:00+00:00
[2024-07-29T13:23:06.914+0000] {processor.py:183} INFO - Processing /opt/airflow/dags/price_improvement_dag.py took 0.289 seconds
[2024-07-29T13:23:37.176+0000] {processor.py:161} INFO - Started process (PID=550) to work on /opt/airflow/dags/price_improvement_dag.py
[2024-07-29T13:23:37.179+0000] {processor.py:830} INFO - Processing file /opt/airflow/dags/price_improvement_dag.py for tasks to queue
[2024-07-29T13:23:37.181+0000] {logging_mixin.py:188} INFO - [2024-07-29T13:23:37.181+0000] {dagbag.py:545} INFO - Filling up the DagBag from /opt/airflow/dags/price_improvement_dag.py
[2024-07-29T13:23:37.455+0000] {processor.py:840} INFO - DAG(s) 'price_improvement_dag' retrieved from /opt/airflow/dags/price_improvement_dag.py
[2024-07-29T13:23:37.467+0000] {logging_mixin.py:188} INFO - [2024-07-29T13:23:37.467+0000] {dag.py:3089} INFO - Sync 1 DAGs
[2024-07-29T13:23:37.476+0000] {logging_mixin.py:188} INFO - [2024-07-29T13:23:37.476+0000] {dag.py:3947} INFO - Setting next_dagrun for price_improvement_dag to 2024-07-29 00:00:00+00:00, run_after=2024-07-30 00:00:00+00:00
[2024-07-29T13:23:37.484+0000] {processor.py:183} INFO - Processing /opt/airflow/dags/price_improvement_dag.py took 0.315 seconds
[2024-07-29T13:24:07.733+0000] {processor.py:161} INFO - Started process (PID=558) to work on /opt/airflow/dags/price_improvement_dag.py
[2024-07-29T13:24:07.735+0000] {processor.py:830} INFO - Processing file /opt/airflow/dags/price_improvement_dag.py for tasks to queue
[2024-07-29T13:24:07.737+0000] {logging_mixin.py:188} INFO - [2024-07-29T13:24:07.736+0000] {dagbag.py:545} INFO - Filling up the DagBag from /opt/airflow/dags/price_improvement_dag.py
[2024-07-29T13:24:07.981+0000] {processor.py:840} INFO - DAG(s) 'price_improvement_dag' retrieved from /opt/airflow/dags/price_improvement_dag.py
[2024-07-29T13:24:07.991+0000] {logging_mixin.py:188} INFO - [2024-07-29T13:24:07.991+0000] {dag.py:3089} INFO - Sync 1 DAGs
[2024-07-29T13:24:08.000+0000] {logging_mixin.py:188} INFO - [2024-07-29T13:24:08.000+0000] {dag.py:3947} INFO - Setting next_dagrun for price_improvement_dag to 2024-07-29 00:00:00+00:00, run_after=2024-07-30 00:00:00+00:00
[2024-07-29T13:24:08.007+0000] {processor.py:183} INFO - Processing /opt/airflow/dags/price_improvement_dag.py took 0.282 seconds
[2024-07-29T13:24:38.293+0000] {processor.py:161} INFO - Started process (PID=566) to work on /opt/airflow/dags/price_improvement_dag.py
[2024-07-29T13:24:38.296+0000] {processor.py:830} INFO - Processing file /opt/airflow/dags/price_improvement_dag.py for tasks to queue
[2024-07-29T13:24:38.298+0000] {logging_mixin.py:188} INFO - [2024-07-29T13:24:38.298+0000] {dagbag.py:545} INFO - Filling up the DagBag from /opt/airflow/dags/price_improvement_dag.py
[2024-07-29T13:24:38.554+0000] {processor.py:840} INFO - DAG(s) 'price_improvement_dag' retrieved from /opt/airflow/dags/price_improvement_dag.py
[2024-07-29T13:24:38.564+0000] {logging_mixin.py:188} INFO - [2024-07-29T13:24:38.564+0000] {dag.py:3089} INFO - Sync 1 DAGs
[2024-07-29T13:24:38.572+0000] {logging_mixin.py:188} INFO - [2024-07-29T13:24:38.572+0000] {dag.py:3947} INFO - Setting next_dagrun for price_improvement_dag to 2024-07-29 00:00:00+00:00, run_after=2024-07-30 00:00:00+00:00
[2024-07-29T13:24:38.579+0000] {processor.py:183} INFO - Processing /opt/airflow/dags/price_improvement_dag.py took 0.295 seconds
[2024-07-29T13:25:08.864+0000] {processor.py:161} INFO - Started process (PID=574) to work on /opt/airflow/dags/price_improvement_dag.py
[2024-07-29T13:25:08.866+0000] {processor.py:830} INFO - Processing file /opt/airflow/dags/price_improvement_dag.py for tasks to queue
[2024-07-29T13:25:08.868+0000] {logging_mixin.py:188} INFO - [2024-07-29T13:25:08.868+0000] {dagbag.py:545} INFO - Filling up the DagBag from /opt/airflow/dags/price_improvement_dag.py
[2024-07-29T13:25:09.114+0000] {processor.py:840} INFO - DAG(s) 'price_improvement_dag' retrieved from /opt/airflow/dags/price_improvement_dag.py
[2024-07-29T13:25:09.125+0000] {logging_mixin.py:188} INFO - [2024-07-29T13:25:09.125+0000] {dag.py:3089} INFO - Sync 1 DAGs
[2024-07-29T13:25:09.133+0000] {logging_mixin.py:188} INFO - [2024-07-29T13:25:09.133+0000] {dag.py:3947} INFO - Setting next_dagrun for price_improvement_dag to 2024-07-29 00:00:00+00:00, run_after=2024-07-30 00:00:00+00:00
[2024-07-29T13:25:09.139+0000] {processor.py:183} INFO - Processing /opt/airflow/dags/price_improvement_dag.py took 0.283 seconds
[2024-07-29T13:25:39.425+0000] {processor.py:161} INFO - Started process (PID=582) to work on /opt/airflow/dags/price_improvement_dag.py
[2024-07-29T13:25:39.427+0000] {processor.py:830} INFO - Processing file /opt/airflow/dags/price_improvement_dag.py for tasks to queue
[2024-07-29T13:25:39.428+0000] {logging_mixin.py:188} INFO - [2024-07-29T13:25:39.428+0000] {dagbag.py:545} INFO - Filling up the DagBag from /opt/airflow/dags/price_improvement_dag.py
[2024-07-29T13:25:39.682+0000] {processor.py:840} INFO - DAG(s) 'price_improvement_dag' retrieved from /opt/airflow/dags/price_improvement_dag.py
[2024-07-29T13:25:39.693+0000] {logging_mixin.py:188} INFO - [2024-07-29T13:25:39.693+0000] {dag.py:3089} INFO - Sync 1 DAGs
[2024-07-29T13:25:39.701+0000] {logging_mixin.py:188} INFO - [2024-07-29T13:25:39.701+0000] {dag.py:3947} INFO - Setting next_dagrun for price_improvement_dag to 2024-07-29 00:00:00+00:00, run_after=2024-07-30 00:00:00+00:00
[2024-07-29T13:25:39.708+0000] {processor.py:183} INFO - Processing /opt/airflow/dags/price_improvement_dag.py took 0.291 seconds
[2024-07-29T13:26:10.004+0000] {processor.py:161} INFO - Started process (PID=590) to work on /opt/airflow/dags/price_improvement_dag.py
[2024-07-29T13:26:10.006+0000] {processor.py:830} INFO - Processing file /opt/airflow/dags/price_improvement_dag.py for tasks to queue
[2024-07-29T13:26:10.008+0000] {logging_mixin.py:188} INFO - [2024-07-29T13:26:10.007+0000] {dagbag.py:545} INFO - Filling up the DagBag from /opt/airflow/dags/price_improvement_dag.py
[2024-07-29T13:26:10.271+0000] {processor.py:840} INFO - DAG(s) 'price_improvement_dag' retrieved from /opt/airflow/dags/price_improvement_dag.py
[2024-07-29T13:26:10.282+0000] {logging_mixin.py:188} INFO - [2024-07-29T13:26:10.281+0000] {dag.py:3089} INFO - Sync 1 DAGs
[2024-07-29T13:26:10.289+0000] {logging_mixin.py:188} INFO - [2024-07-29T13:26:10.289+0000] {dag.py:3947} INFO - Setting next_dagrun for price_improvement_dag to 2024-07-29 00:00:00+00:00, run_after=2024-07-30 00:00:00+00:00
[2024-07-29T13:26:10.296+0000] {processor.py:183} INFO - Processing /opt/airflow/dags/price_improvement_dag.py took 0.300 seconds
[2024-07-29T13:26:40.578+0000] {processor.py:161} INFO - Started process (PID=598) to work on /opt/airflow/dags/price_improvement_dag.py
[2024-07-29T13:26:40.580+0000] {processor.py:830} INFO - Processing file /opt/airflow/dags/price_improvement_dag.py for tasks to queue
[2024-07-29T13:26:40.582+0000] {logging_mixin.py:188} INFO - [2024-07-29T13:26:40.582+0000] {dagbag.py:545} INFO - Filling up the DagBag from /opt/airflow/dags/price_improvement_dag.py
[2024-07-29T13:26:40.831+0000] {processor.py:840} INFO - DAG(s) 'price_improvement_dag' retrieved from /opt/airflow/dags/price_improvement_dag.py
[2024-07-29T13:26:40.843+0000] {logging_mixin.py:188} INFO - [2024-07-29T13:26:40.842+0000] {dag.py:3089} INFO - Sync 1 DAGs
[2024-07-29T13:26:40.852+0000] {logging_mixin.py:188} INFO - [2024-07-29T13:26:40.851+0000] {dag.py:3947} INFO - Setting next_dagrun for price_improvement_dag to 2024-07-29 00:00:00+00:00, run_after=2024-07-30 00:00:00+00:00
[2024-07-29T13:26:40.862+0000] {processor.py:183} INFO - Processing /opt/airflow/dags/price_improvement_dag.py took 0.292 seconds
[2024-07-29T13:27:11.134+0000] {processor.py:161} INFO - Started process (PID=606) to work on /opt/airflow/dags/price_improvement_dag.py
[2024-07-29T13:27:11.135+0000] {processor.py:830} INFO - Processing file /opt/airflow/dags/price_improvement_dag.py for tasks to queue
[2024-07-29T13:27:11.137+0000] {logging_mixin.py:188} INFO - [2024-07-29T13:27:11.137+0000] {dagbag.py:545} INFO - Filling up the DagBag from /opt/airflow/dags/price_improvement_dag.py
[2024-07-29T13:27:11.391+0000] {processor.py:840} INFO - DAG(s) 'price_improvement_dag' retrieved from /opt/airflow/dags/price_improvement_dag.py
[2024-07-29T13:27:11.401+0000] {logging_mixin.py:188} INFO - [2024-07-29T13:27:11.401+0000] {dag.py:3089} INFO - Sync 1 DAGs
[2024-07-29T13:27:11.410+0000] {logging_mixin.py:188} INFO - [2024-07-29T13:27:11.409+0000] {dag.py:3947} INFO - Setting next_dagrun for price_improvement_dag to 2024-07-29 00:00:00+00:00, run_after=2024-07-30 00:00:00+00:00
[2024-07-29T13:27:11.416+0000] {processor.py:183} INFO - Processing /opt/airflow/dags/price_improvement_dag.py took 0.291 seconds
[2024-07-29T13:27:41.613+0000] {processor.py:161} INFO - Started process (PID=614) to work on /opt/airflow/dags/price_improvement_dag.py
[2024-07-29T13:27:41.616+0000] {processor.py:830} INFO - Processing file /opt/airflow/dags/price_improvement_dag.py for tasks to queue
[2024-07-29T13:27:41.618+0000] {logging_mixin.py:188} INFO - [2024-07-29T13:27:41.617+0000] {dagbag.py:545} INFO - Filling up the DagBag from /opt/airflow/dags/price_improvement_dag.py
[2024-07-29T13:27:41.870+0000] {processor.py:840} INFO - DAG(s) 'price_improvement_dag' retrieved from /opt/airflow/dags/price_improvement_dag.py
[2024-07-29T13:27:41.880+0000] {logging_mixin.py:188} INFO - [2024-07-29T13:27:41.880+0000] {dag.py:3089} INFO - Sync 1 DAGs
[2024-07-29T13:27:41.889+0000] {logging_mixin.py:188} INFO - [2024-07-29T13:27:41.888+0000] {dag.py:3947} INFO - Setting next_dagrun for price_improvement_dag to 2024-07-29 00:00:00+00:00, run_after=2024-07-30 00:00:00+00:00
[2024-07-29T13:27:41.895+0000] {processor.py:183} INFO - Processing /opt/airflow/dags/price_improvement_dag.py took 0.291 seconds
[2024-07-29T13:28:12.173+0000] {processor.py:161} INFO - Started process (PID=622) to work on /opt/airflow/dags/price_improvement_dag.py
[2024-07-29T13:28:12.174+0000] {processor.py:830} INFO - Processing file /opt/airflow/dags/price_improvement_dag.py for tasks to queue
[2024-07-29T13:28:12.177+0000] {logging_mixin.py:188} INFO - [2024-07-29T13:28:12.176+0000] {dagbag.py:545} INFO - Filling up the DagBag from /opt/airflow/dags/price_improvement_dag.py
[2024-07-29T13:28:12.428+0000] {processor.py:840} INFO - DAG(s) 'price_improvement_dag' retrieved from /opt/airflow/dags/price_improvement_dag.py
[2024-07-29T13:28:12.440+0000] {logging_mixin.py:188} INFO - [2024-07-29T13:28:12.440+0000] {dag.py:3089} INFO - Sync 1 DAGs
[2024-07-29T13:28:12.448+0000] {logging_mixin.py:188} INFO - [2024-07-29T13:28:12.448+0000] {dag.py:3947} INFO - Setting next_dagrun for price_improvement_dag to 2024-07-29 00:00:00+00:00, run_after=2024-07-30 00:00:00+00:00
[2024-07-29T13:28:12.456+0000] {processor.py:183} INFO - Processing /opt/airflow/dags/price_improvement_dag.py took 0.291 seconds
[2024-07-29T13:28:42.712+0000] {processor.py:161} INFO - Started process (PID=630) to work on /opt/airflow/dags/price_improvement_dag.py
[2024-07-29T13:28:42.715+0000] {processor.py:830} INFO - Processing file /opt/airflow/dags/price_improvement_dag.py for tasks to queue
[2024-07-29T13:28:42.717+0000] {logging_mixin.py:188} INFO - [2024-07-29T13:28:42.717+0000] {dagbag.py:545} INFO - Filling up the DagBag from /opt/airflow/dags/price_improvement_dag.py
[2024-07-29T13:28:42.967+0000] {processor.py:840} INFO - DAG(s) 'price_improvement_dag' retrieved from /opt/airflow/dags/price_improvement_dag.py
[2024-07-29T13:28:42.981+0000] {logging_mixin.py:188} INFO - [2024-07-29T13:28:42.980+0000] {dag.py:3089} INFO - Sync 1 DAGs
[2024-07-29T13:28:42.990+0000] {logging_mixin.py:188} INFO - [2024-07-29T13:28:42.990+0000] {dag.py:3947} INFO - Setting next_dagrun for price_improvement_dag to 2024-07-29 00:00:00+00:00, run_after=2024-07-30 00:00:00+00:00
[2024-07-29T13:28:42.997+0000] {processor.py:183} INFO - Processing /opt/airflow/dags/price_improvement_dag.py took 0.294 seconds
[2024-07-29T13:29:13.251+0000] {processor.py:161} INFO - Started process (PID=638) to work on /opt/airflow/dags/price_improvement_dag.py
[2024-07-29T13:29:13.252+0000] {processor.py:830} INFO - Processing file /opt/airflow/dags/price_improvement_dag.py for tasks to queue
[2024-07-29T13:29:13.253+0000] {logging_mixin.py:188} INFO - [2024-07-29T13:29:13.253+0000] {dagbag.py:545} INFO - Filling up the DagBag from /opt/airflow/dags/price_improvement_dag.py
[2024-07-29T13:29:13.501+0000] {processor.py:840} INFO - DAG(s) 'price_improvement_dag' retrieved from /opt/airflow/dags/price_improvement_dag.py
[2024-07-29T13:29:13.512+0000] {logging_mixin.py:188} INFO - [2024-07-29T13:29:13.512+0000] {dag.py:3089} INFO - Sync 1 DAGs
[2024-07-29T13:29:13.522+0000] {logging_mixin.py:188} INFO - [2024-07-29T13:29:13.522+0000] {dag.py:3947} INFO - Setting next_dagrun for price_improvement_dag to 2024-07-29 00:00:00+00:00, run_after=2024-07-30 00:00:00+00:00
[2024-07-29T13:29:13.529+0000] {processor.py:183} INFO - Processing /opt/airflow/dags/price_improvement_dag.py took 0.281 seconds
[2024-07-29T13:29:43.565+0000] {processor.py:161} INFO - Started process (PID=646) to work on /opt/airflow/dags/price_improvement_dag.py
[2024-07-29T13:29:43.566+0000] {processor.py:830} INFO - Processing file /opt/airflow/dags/price_improvement_dag.py for tasks to queue
[2024-07-29T13:29:43.569+0000] {logging_mixin.py:188} INFO - [2024-07-29T13:29:43.568+0000] {dagbag.py:545} INFO - Filling up the DagBag from /opt/airflow/dags/price_improvement_dag.py
[2024-07-29T13:29:43.818+0000] {processor.py:840} INFO - DAG(s) 'price_improvement_dag' retrieved from /opt/airflow/dags/price_improvement_dag.py
[2024-07-29T13:29:43.828+0000] {logging_mixin.py:188} INFO - [2024-07-29T13:29:43.828+0000] {dag.py:3089} INFO - Sync 1 DAGs
[2024-07-29T13:29:43.836+0000] {logging_mixin.py:188} INFO - [2024-07-29T13:29:43.836+0000] {dag.py:3947} INFO - Setting next_dagrun for price_improvement_dag to 2024-07-29 00:00:00+00:00, run_after=2024-07-30 00:00:00+00:00
[2024-07-29T13:29:43.842+0000] {processor.py:183} INFO - Processing /opt/airflow/dags/price_improvement_dag.py took 0.286 seconds
[2024-07-29T13:30:13.996+0000] {processor.py:161} INFO - Started process (PID=654) to work on /opt/airflow/dags/price_improvement_dag.py
[2024-07-29T13:30:13.997+0000] {processor.py:830} INFO - Processing file /opt/airflow/dags/price_improvement_dag.py for tasks to queue
[2024-07-29T13:30:13.998+0000] {logging_mixin.py:188} INFO - [2024-07-29T13:30:13.998+0000] {dagbag.py:545} INFO - Filling up the DagBag from /opt/airflow/dags/price_improvement_dag.py
[2024-07-29T13:30:14.252+0000] {processor.py:840} INFO - DAG(s) 'price_improvement_dag' retrieved from /opt/airflow/dags/price_improvement_dag.py
[2024-07-29T13:30:14.263+0000] {logging_mixin.py:188} INFO - [2024-07-29T13:30:14.263+0000] {dag.py:3089} INFO - Sync 1 DAGs
[2024-07-29T13:30:14.273+0000] {logging_mixin.py:188} INFO - [2024-07-29T13:30:14.273+0000] {dag.py:3947} INFO - Setting next_dagrun for price_improvement_dag to 2024-07-29 00:00:00+00:00, run_after=2024-07-30 00:00:00+00:00
[2024-07-29T13:30:14.280+0000] {processor.py:183} INFO - Processing /opt/airflow/dags/price_improvement_dag.py took 0.287 seconds
[2024-07-29T13:30:44.330+0000] {processor.py:161} INFO - Started process (PID=662) to work on /opt/airflow/dags/price_improvement_dag.py
[2024-07-29T13:30:44.333+0000] {processor.py:830} INFO - Processing file /opt/airflow/dags/price_improvement_dag.py for tasks to queue
[2024-07-29T13:30:44.336+0000] {logging_mixin.py:188} INFO - [2024-07-29T13:30:44.335+0000] {dagbag.py:545} INFO - Filling up the DagBag from /opt/airflow/dags/price_improvement_dag.py
[2024-07-29T13:30:44.585+0000] {processor.py:840} INFO - DAG(s) 'price_improvement_dag' retrieved from /opt/airflow/dags/price_improvement_dag.py
[2024-07-29T13:30:44.596+0000] {logging_mixin.py:188} INFO - [2024-07-29T13:30:44.596+0000] {dag.py:3089} INFO - Sync 1 DAGs
[2024-07-29T13:30:44.605+0000] {logging_mixin.py:188} INFO - [2024-07-29T13:30:44.605+0000] {dag.py:3947} INFO - Setting next_dagrun for price_improvement_dag to 2024-07-29 00:00:00+00:00, run_after=2024-07-30 00:00:00+00:00
[2024-07-29T13:30:44.611+0000] {processor.py:183} INFO - Processing /opt/airflow/dags/price_improvement_dag.py took 0.290 seconds
[2024-07-29T13:31:14.778+0000] {processor.py:161} INFO - Started process (PID=670) to work on /opt/airflow/dags/price_improvement_dag.py
[2024-07-29T13:31:14.779+0000] {processor.py:830} INFO - Processing file /opt/airflow/dags/price_improvement_dag.py for tasks to queue
[2024-07-29T13:31:14.782+0000] {logging_mixin.py:188} INFO - [2024-07-29T13:31:14.781+0000] {dagbag.py:545} INFO - Filling up the DagBag from /opt/airflow/dags/price_improvement_dag.py
[2024-07-29T13:31:15.027+0000] {processor.py:840} INFO - DAG(s) 'price_improvement_dag' retrieved from /opt/airflow/dags/price_improvement_dag.py
[2024-07-29T13:31:15.037+0000] {logging_mixin.py:188} INFO - [2024-07-29T13:31:15.037+0000] {dag.py:3089} INFO - Sync 1 DAGs
[2024-07-29T13:31:15.045+0000] {logging_mixin.py:188} INFO - [2024-07-29T13:31:15.045+0000] {dag.py:3947} INFO - Setting next_dagrun for price_improvement_dag to 2024-07-29 00:00:00+00:00, run_after=2024-07-30 00:00:00+00:00
[2024-07-29T13:31:15.052+0000] {processor.py:183} INFO - Processing /opt/airflow/dags/price_improvement_dag.py took 0.281 seconds
[2024-07-29T13:31:45.148+0000] {processor.py:161} INFO - Started process (PID=678) to work on /opt/airflow/dags/price_improvement_dag.py
[2024-07-29T13:31:45.150+0000] {processor.py:830} INFO - Processing file /opt/airflow/dags/price_improvement_dag.py for tasks to queue
[2024-07-29T13:31:45.153+0000] {logging_mixin.py:188} INFO - [2024-07-29T13:31:45.153+0000] {dagbag.py:545} INFO - Filling up the DagBag from /opt/airflow/dags/price_improvement_dag.py
[2024-07-29T13:31:45.413+0000] {processor.py:840} INFO - DAG(s) 'price_improvement_dag' retrieved from /opt/airflow/dags/price_improvement_dag.py
[2024-07-29T13:31:45.424+0000] {logging_mixin.py:188} INFO - [2024-07-29T13:31:45.424+0000] {dag.py:3089} INFO - Sync 1 DAGs
[2024-07-29T13:31:45.432+0000] {logging_mixin.py:188} INFO - [2024-07-29T13:31:45.432+0000] {dag.py:3947} INFO - Setting next_dagrun for price_improvement_dag to 2024-07-29 00:00:00+00:00, run_after=2024-07-30 00:00:00+00:00
[2024-07-29T13:31:45.439+0000] {processor.py:183} INFO - Processing /opt/airflow/dags/price_improvement_dag.py took 0.304 seconds
