[2024-07-29T13:04:22.322+0000] {local_task_job_runner.py:120} INFO - ::group::Pre task execution logs
[2024-07-29T13:04:22.332+0000] {taskinstance.py:2076} INFO - Dependencies all met for dep_context=non-requeueable deps ti=<TaskInstance: price_improvement_dag.fetch_dune_data manual__2024-07-29T13:04:21.292630+00:00 [queued]>
[2024-07-29T13:04:22.335+0000] {taskinstance.py:2076} INFO - Dependencies all met for dep_context=requeueable deps ti=<TaskInstance: price_improvement_dag.fetch_dune_data manual__2024-07-29T13:04:21.292630+00:00 [queued]>
[2024-07-29T13:04:22.335+0000] {taskinstance.py:2306} INFO - Starting attempt 1 of 3
[2024-07-29T13:04:22.340+0000] {taskinstance.py:2330} INFO - Executing <Task(PythonOperator): fetch_dune_data> on 2024-07-29 13:04:21.292630+00:00
[2024-07-29T13:04:22.343+0000] {warnings.py:112} WARNING - /home/***/.local/lib/python3.12/site-packages/***/task/task_runner/standard_task_runner.py:62: DeprecationWarning: This process (pid=225) is multi-threaded, use of fork() may lead to deadlocks in the child.
  pid = os.fork()

[2024-07-29T13:04:22.344+0000] {standard_task_runner.py:64} INFO - Started process 227 to run task
[2024-07-29T13:04:22.345+0000] {standard_task_runner.py:90} INFO - Running: ['***', 'tasks', 'run', 'price_improvement_dag', 'fetch_dune_data', 'manual__2024-07-29T13:04:21.292630+00:00', '--job-id', '900', '--raw', '--subdir', 'DAGS_FOLDER/price_improvement_dag.py', '--cfg-path', '/tmp/tmppknrw81g']
[2024-07-29T13:04:22.346+0000] {standard_task_runner.py:91} INFO - Job 900: Subtask fetch_dune_data
[2024-07-29T13:04:22.365+0000] {task_command.py:426} INFO - Running <TaskInstance: price_improvement_dag.fetch_dune_data manual__2024-07-29T13:04:21.292630+00:00 [running]> on host c80e5cd1b15c
[2024-07-29T13:04:22.410+0000] {taskinstance.py:2648} INFO - Exporting env vars: AIRFLOW_CTX_DAG_OWNER='***' AIRFLOW_CTX_DAG_ID='price_improvement_dag' AIRFLOW_CTX_TASK_ID='fetch_dune_data' AIRFLOW_CTX_EXECUTION_DATE='2024-07-29T13:04:21.292630+00:00' AIRFLOW_CTX_TRY_NUMBER='1' AIRFLOW_CTX_DAG_RUN_ID='manual__2024-07-29T13:04:21.292630+00:00'
[2024-07-29T13:04:22.411+0000] {taskinstance.py:430} INFO - ::endgroup::
[2024-07-29T13:04:23.034+0000] {execution.py:41} INFO - executing 3941831 on medium cluster
[2024-07-29T13:04:23.321+0000] {extensions.py:414} INFO - waiting for query execution 01J3Z9F363KWFV36G51NAPR8HX to complete: ExecutionState.PENDING (queue position: 4)
[2024-07-29T13:04:24.408+0000] {extensions.py:414} INFO - waiting for query execution 01J3Z9F363KWFV36G51NAPR8HX to complete: ExecutionState.PENDING (queue position: 4)
[2024-07-29T13:04:25.672+0000] {python.py:237} INFO - Done. Returned value was: None
[2024-07-29T13:04:25.675+0000] {taskinstance.py:441} INFO - ::group::Post task execution logs
[2024-07-29T13:04:25.692+0000] {taskinstance.py:1206} INFO - Marking task as SUCCESS. dag_id=price_improvement_dag, task_id=fetch_dune_data, run_id=manual__2024-07-29T13:04:21.292630+00:00, execution_date=20240729T130421, start_date=20240729T130422, end_date=20240729T130425
[2024-07-29T13:04:25.741+0000] {local_task_job_runner.py:243} INFO - Task exited with return code 0
[2024-07-29T13:04:25.764+0000] {taskinstance.py:3503} INFO - 1 downstream tasks scheduled from follow-on schedule check
[2024-07-29T13:04:25.765+0000] {local_task_job_runner.py:222} INFO - ::endgroup::
