[2024-07-29T13:02:16.654+0000] {local_task_job_runner.py:120} INFO - ::group::Pre task execution logs
[2024-07-29T13:02:16.669+0000] {taskinstance.py:2076} INFO - Dependencies all met for dep_context=non-requeueable deps ti=<TaskInstance: price_improvement_dag.fetch_dune_data scheduled__2024-07-28T00:00:00+00:00 [queued]>
[2024-07-29T13:02:16.675+0000] {taskinstance.py:2076} INFO - Dependencies all met for dep_context=requeueable deps ti=<TaskInstance: price_improvement_dag.fetch_dune_data scheduled__2024-07-28T00:00:00+00:00 [queued]>
[2024-07-29T13:02:16.675+0000] {taskinstance.py:2306} INFO - Starting attempt 1 of 3
[2024-07-29T13:02:16.918+0000] {taskinstance.py:2330} INFO - Executing <Task(PythonOperator): fetch_dune_data> on 2024-07-28 00:00:00+00:00
[2024-07-29T13:02:16.921+0000] {warnings.py:112} WARNING - /home/***/.local/lib/python3.12/site-packages/***/task/task_runner/standard_task_runner.py:62: DeprecationWarning: This process (pid=188) is multi-threaded, use of fork() may lead to deadlocks in the child.
  pid = os.fork()

[2024-07-29T13:02:16.922+0000] {standard_task_runner.py:64} INFO - Started process 190 to run task
[2024-07-29T13:02:16.922+0000] {standard_task_runner.py:90} INFO - Running: ['***', 'tasks', 'run', 'price_improvement_dag', 'fetch_dune_data', 'scheduled__2024-07-28T00:00:00+00:00', '--job-id', '897', '--raw', '--subdir', 'DAGS_FOLDER/price_improvement_dag.py', '--cfg-path', '/tmp/tmp2l0h5c12']
[2024-07-29T13:02:16.924+0000] {standard_task_runner.py:91} INFO - Job 897: Subtask fetch_dune_data
[2024-07-29T13:02:16.945+0000] {task_command.py:426} INFO - Running <TaskInstance: price_improvement_dag.fetch_dune_data scheduled__2024-07-28T00:00:00+00:00 [running]> on host c80e5cd1b15c
[2024-07-29T13:02:16.984+0000] {taskinstance.py:2648} INFO - Exporting env vars: AIRFLOW_CTX_DAG_OWNER='***' AIRFLOW_CTX_DAG_ID='price_improvement_dag' AIRFLOW_CTX_TASK_ID='fetch_dune_data' AIRFLOW_CTX_EXECUTION_DATE='2024-07-28T00:00:00+00:00' AIRFLOW_CTX_TRY_NUMBER='1' AIRFLOW_CTX_DAG_RUN_ID='scheduled__2024-07-28T00:00:00+00:00'
[2024-07-29T13:02:16.985+0000] {taskinstance.py:430} INFO - ::endgroup::
[2024-07-29T13:02:17.658+0000] {execution.py:41} INFO - executing 3941831 on medium cluster
[2024-07-29T13:02:18.018+0000] {extensions.py:414} INFO - waiting for query execution 01J3Z9B8TBKVVMZDGZRDAQBZA8 to complete: ExecutionState.PENDING (queue position: 3)
[2024-07-29T13:02:19.083+0000] {extensions.py:414} INFO - waiting for query execution 01J3Z9B8TBKVVMZDGZRDAQBZA8 to complete: ExecutionState.PENDING (queue position: 3)
[2024-07-29T13:02:20.148+0000] {extensions.py:414} INFO - waiting for query execution 01J3Z9B8TBKVVMZDGZRDAQBZA8 to complete: ExecutionState.PENDING (queue position: 3)
[2024-07-29T13:02:21.216+0000] {extensions.py:414} INFO - waiting for query execution 01J3Z9B8TBKVVMZDGZRDAQBZA8 to complete: ExecutionState.PENDING (queue position: 3)
[2024-07-29T13:02:22.292+0000] {extensions.py:414} INFO - waiting for query execution 01J3Z9B8TBKVVMZDGZRDAQBZA8 to complete: ExecutionState.PENDING (queue position: 3)
[2024-07-29T13:02:23.360+0000] {extensions.py:414} INFO - waiting for query execution 01J3Z9B8TBKVVMZDGZRDAQBZA8 to complete: ExecutionState.PENDING (queue position: 3)
[2024-07-29T13:02:24.428+0000] {extensions.py:414} INFO - waiting for query execution 01J3Z9B8TBKVVMZDGZRDAQBZA8 to complete: ExecutionState.PENDING (queue position: 3)
[2024-07-29T13:02:25.497+0000] {extensions.py:414} INFO - waiting for query execution 01J3Z9B8TBKVVMZDGZRDAQBZA8 to complete: ExecutionState.PENDING (queue position: 3)
[2024-07-29T13:02:26.565+0000] {extensions.py:414} INFO - waiting for query execution 01J3Z9B8TBKVVMZDGZRDAQBZA8 to complete: ExecutionState.PENDING (queue position: 3)
[2024-07-29T13:02:27.630+0000] {extensions.py:414} INFO - waiting for query execution 01J3Z9B8TBKVVMZDGZRDAQBZA8 to complete: ExecutionState.PENDING (queue position: 3)
[2024-07-29T13:02:28.995+0000] {python.py:237} INFO - Done. Returned value was: None
[2024-07-29T13:02:28.996+0000] {taskinstance.py:441} INFO - ::group::Post task execution logs
[2024-07-29T13:02:29.004+0000] {taskinstance.py:1206} INFO - Marking task as SUCCESS. dag_id=price_improvement_dag, task_id=fetch_dune_data, run_id=scheduled__2024-07-28T00:00:00+00:00, execution_date=20240728T000000, start_date=20240729T130216, end_date=20240729T130229
[2024-07-29T13:02:29.054+0000] {local_task_job_runner.py:243} INFO - Task exited with return code 0
[2024-07-29T13:02:29.066+0000] {taskinstance.py:3503} INFO - 1 downstream tasks scheduled from follow-on schedule check
[2024-07-29T13:02:29.066+0000] {local_task_job_runner.py:222} INFO - ::endgroup::
