[2024-07-29T13:02:43.798+0000] {local_task_job_runner.py:120} INFO - ::group::Pre task execution logs
[2024-07-29T13:02:43.807+0000] {taskinstance.py:2076} INFO - Dependencies all met for dep_context=non-requeueable deps ti=<TaskInstance: price_improvement_dag.calculate_price_improvement scheduled__2024-07-28T00:00:00+00:00 [queued]>
[2024-07-29T13:02:43.810+0000] {taskinstance.py:2076} INFO - Dependencies all met for dep_context=requeueable deps ti=<TaskInstance: price_improvement_dag.calculate_price_improvement scheduled__2024-07-28T00:00:00+00:00 [queued]>
[2024-07-29T13:02:43.811+0000] {taskinstance.py:2306} INFO - Starting attempt 1 of 3
[2024-07-29T13:02:43.815+0000] {taskinstance.py:2330} INFO - Executing <Task(PythonOperator): calculate_price_improvement> on 2024-07-28 00:00:00+00:00
[2024-07-29T13:02:43.818+0000] {warnings.py:112} WARNING - /home/***/.local/lib/python3.12/site-packages/***/task/task_runner/standard_task_runner.py:62: DeprecationWarning: This process (pid=201) is multi-threaded, use of fork() may lead to deadlocks in the child.
  pid = os.fork()

[2024-07-29T13:02:43.819+0000] {standard_task_runner.py:64} INFO - Started process 203 to run task
[2024-07-29T13:02:43.820+0000] {standard_task_runner.py:90} INFO - Running: ['***', 'tasks', 'run', 'price_improvement_dag', 'calculate_price_improvement', 'scheduled__2024-07-28T00:00:00+00:00', '--job-id', '899', '--raw', '--subdir', 'DAGS_FOLDER/price_improvement_dag.py', '--cfg-path', '/tmp/tmpg5sx3eih']
[2024-07-29T13:02:43.821+0000] {standard_task_runner.py:91} INFO - Job 899: Subtask calculate_price_improvement
[2024-07-29T13:02:43.840+0000] {task_command.py:426} INFO - Running <TaskInstance: price_improvement_dag.calculate_price_improvement scheduled__2024-07-28T00:00:00+00:00 [running]> on host c80e5cd1b15c
[2024-07-29T13:02:43.876+0000] {taskinstance.py:2648} INFO - Exporting env vars: AIRFLOW_CTX_DAG_OWNER='***' AIRFLOW_CTX_DAG_ID='price_improvement_dag' AIRFLOW_CTX_TASK_ID='calculate_price_improvement' AIRFLOW_CTX_EXECUTION_DATE='2024-07-28T00:00:00+00:00' AIRFLOW_CTX_TRY_NUMBER='1' AIRFLOW_CTX_DAG_RUN_ID='scheduled__2024-07-28T00:00:00+00:00'
[2024-07-29T13:02:43.877+0000] {taskinstance.py:430} INFO - ::endgroup::
[2024-07-29T13:02:44.481+0000] {calculate_price_improvement.py:24} INFO - ### The average price improvement for all the trades was -0.175 percent ###
[2024-07-29T13:02:44.482+0000] {python.py:237} INFO - Done. Returned value was: None
[2024-07-29T13:02:44.484+0000] {taskinstance.py:441} INFO - ::group::Post task execution logs
[2024-07-29T13:02:44.496+0000] {taskinstance.py:1206} INFO - Marking task as SUCCESS. dag_id=price_improvement_dag, task_id=calculate_price_improvement, run_id=scheduled__2024-07-28T00:00:00+00:00, execution_date=20240728T000000, start_date=20240729T130243, end_date=20240729T130244
[2024-07-29T13:02:44.548+0000] {local_task_job_runner.py:243} INFO - Task exited with return code 0
[2024-07-29T13:02:44.561+0000] {taskinstance.py:3503} INFO - 0 downstream tasks scheduled from follow-on schedule check
[2024-07-29T13:02:44.562+0000] {local_task_job_runner.py:222} INFO - ::endgroup::
