[2024-07-29T12:52:15.196+0000] {manager.py:470} INFO - Processing files using up to 2 processes at a time 
[2024-07-29T12:52:15.197+0000] {manager.py:471} INFO - Process each file at most once every 30 seconds
[2024-07-29T12:52:15.197+0000] {manager.py:472} INFO - Checking for new files in /opt/airflow/dags every 300 seconds
[2024-07-29T12:52:15.201+0000] {manager.py:737} INFO - Searching for files in /opt/airflow/dags
[2024-07-29T12:52:15.219+0000] {manager.py:740} INFO - There are 1 files in /opt/airflow/dags
[2024-07-29T12:52:15.309+0000] {manager.py:878} INFO - 
================================================================================
DAG File Processing Stats

File Path                                     PID  Runtime      # DAGs    # Errors  Last Runtime    Last Run
------------------------------------------  -----  ---------  --------  ----------  --------------  ----------
/opt/airflow/dags/price_improvement_dag.py     48  0.06s             0           0
================================================================================
[2024-07-29T12:52:45.999+0000] {manager.py:878} INFO - 
================================================================================
DAG File Processing Stats

File Path                                   PID    Runtime      # DAGs    # Errors  Last Runtime    Last Run
------------------------------------------  -----  ---------  --------  ----------  --------------  -------------------
/opt/airflow/dags/price_improvement_dag.py                           1           0  2.59s           2024-07-29T12:52:17
================================================================================
[2024-07-29T12:53:16.568+0000] {manager.py:878} INFO - 
================================================================================
DAG File Processing Stats

File Path                                   PID    Runtime      # DAGs    # Errors  Last Runtime    Last Run
------------------------------------------  -----  ---------  --------  ----------  --------------  -------------------
/opt/airflow/dags/price_improvement_dag.py                           1           0  4.62s           2024-07-29T12:52:52
================================================================================
[2024-07-29T12:53:47.251+0000] {manager.py:878} INFO - 
================================================================================
DAG File Processing Stats

File Path                                   PID    Runtime      # DAGs    # Errors  Last Runtime    Last Run
------------------------------------------  -----  ---------  --------  ----------  --------------  -------------------
/opt/airflow/dags/price_improvement_dag.py                           1           0  1.10s           2024-07-29T12:53:24
================================================================================
[2024-07-29T12:54:17.628+0000] {manager.py:878} INFO - 
================================================================================
DAG File Processing Stats

File Path                                   PID    Runtime      # DAGs    # Errors  Last Runtime    Last Run
------------------------------------------  -----  ---------  --------  ----------  --------------  -------------------
/opt/airflow/dags/price_improvement_dag.py                           1           0  1.04s           2024-07-29T12:53:55
================================================================================
[2024-07-29T12:54:48.473+0000] {manager.py:878} INFO - 
================================================================================
DAG File Processing Stats

File Path                                   PID    Runtime      # DAGs    # Errors  Last Runtime    Last Run
------------------------------------------  -----  ---------  --------  ----------  --------------  -------------------
/opt/airflow/dags/price_improvement_dag.py                           1           0  2.33s           2024-07-29T12:54:28
================================================================================
[2024-07-29T12:55:18.676+0000] {manager.py:878} INFO - 
================================================================================
DAG File Processing Stats

File Path                                   PID    Runtime      # DAGs    # Errors  Last Runtime    Last Run
------------------------------------------  -----  ---------  --------  ----------  --------------  -------------------
/opt/airflow/dags/price_improvement_dag.py                           1           0  0.79s           2024-07-29T12:54:59
================================================================================
[2024-07-29T12:55:48.877+0000] {manager.py:878} INFO - 
================================================================================
DAG File Processing Stats

File Path                                   PID    Runtime      # DAGs    # Errors  Last Runtime    Last Run
------------------------------------------  -----  ---------  --------  ----------  --------------  -------------------
/opt/airflow/dags/price_improvement_dag.py                           1           0  0.50s           2024-07-29T12:55:30
================================================================================
[2024-07-29T12:56:18.932+0000] {manager.py:878} INFO - 
================================================================================
DAG File Processing Stats

File Path                                   PID    Runtime      # DAGs    # Errors  Last Runtime    Last Run
------------------------------------------  -----  ---------  --------  ----------  --------------  -------------------
/opt/airflow/dags/price_improvement_dag.py                           1           0  0.66s           2024-07-29T12:56:00
================================================================================
[2024-07-29T12:56:49.558+0000] {manager.py:878} INFO - 
================================================================================
DAG File Processing Stats

File Path                                   PID    Runtime      # DAGs    # Errors  Last Runtime    Last Run
------------------------------------------  -----  ---------  --------  ----------  --------------  -------------------
/opt/airflow/dags/price_improvement_dag.py                           1           0  0.43s           2024-07-29T12:56:31
================================================================================
[2024-07-29T12:57:15.764+0000] {manager.py:737} INFO - Searching for files in /opt/airflow/dags
[2024-07-29T12:57:15.778+0000] {manager.py:740} INFO - There are 1 files in /opt/airflow/dags
[2024-07-29T12:57:19.837+0000] {manager.py:878} INFO - 
================================================================================
DAG File Processing Stats

File Path                                   PID    Runtime      # DAGs    # Errors  Last Runtime    Last Run
------------------------------------------  -----  ---------  --------  ----------  --------------  -------------------
/opt/airflow/dags/price_improvement_dag.py                           1           0  0.31s           2024-07-29T12:57:01
================================================================================
[2024-07-29T12:57:50.297+0000] {manager.py:878} INFO - 
================================================================================
DAG File Processing Stats

File Path                                   PID    Runtime      # DAGs    # Errors  Last Runtime    Last Run
------------------------------------------  -----  ---------  --------  ----------  --------------  -------------------
/opt/airflow/dags/price_improvement_dag.py                           1           0  0.31s           2024-07-29T12:57:32
================================================================================
[2024-07-29T12:58:20.626+0000] {manager.py:878} INFO - 
================================================================================
DAG File Processing Stats

File Path                                   PID    Runtime      # DAGs    # Errors  Last Runtime    Last Run
------------------------------------------  -----  ---------  --------  ----------  --------------  -------------------
/opt/airflow/dags/price_improvement_dag.py                           1           0  0.31s           2024-07-29T12:58:02
================================================================================
[2024-07-29T12:58:51.298+0000] {manager.py:878} INFO - 
================================================================================
DAG File Processing Stats

File Path                                   PID    Runtime      # DAGs    # Errors  Last Runtime    Last Run
------------------------------------------  -----  ---------  --------  ----------  --------------  -------------------
/opt/airflow/dags/price_improvement_dag.py                           1           0  0.31s           2024-07-29T12:58:33
================================================================================
[2024-07-29T12:59:21.868+0000] {manager.py:878} INFO - 
================================================================================
DAG File Processing Stats

File Path                                   PID    Runtime      # DAGs    # Errors  Last Runtime    Last Run
------------------------------------------  -----  ---------  --------  ----------  --------------  -------------------
/opt/airflow/dags/price_improvement_dag.py                           1           0  0.30s           2024-07-29T12:59:04
================================================================================
[2024-07-29T12:59:52.433+0000] {manager.py:878} INFO - 
================================================================================
DAG File Processing Stats

File Path                                   PID    Runtime      # DAGs    # Errors  Last Runtime    Last Run
------------------------------------------  -----  ---------  --------  ----------  --------------  -------------------
/opt/airflow/dags/price_improvement_dag.py                           1           0  0.32s           2024-07-29T12:59:34
================================================================================
[2024-07-29T13:00:22.971+0000] {manager.py:878} INFO - 
================================================================================
DAG File Processing Stats

File Path                                   PID    Runtime      # DAGs    # Errors  Last Runtime    Last Run
------------------------------------------  -----  ---------  --------  ----------  --------------  -------------------
/opt/airflow/dags/price_improvement_dag.py                           1           0  0.30s           2024-07-29T13:00:05
================================================================================
[2024-07-29T13:00:53.513+0000] {manager.py:878} INFO - 
================================================================================
DAG File Processing Stats

File Path                                   PID    Runtime      # DAGs    # Errors  Last Runtime    Last Run
------------------------------------------  -----  ---------  --------  ----------  --------------  -------------------
/opt/airflow/dags/price_improvement_dag.py                           1           0  0.30s           2024-07-29T13:00:35
================================================================================
[2024-07-29T13:01:24.072+0000] {manager.py:878} INFO - 
================================================================================
DAG File Processing Stats

File Path                                   PID    Runtime      # DAGs    # Errors  Last Runtime    Last Run
------------------------------------------  -----  ---------  --------  ----------  --------------  -------------------
/opt/airflow/dags/price_improvement_dag.py                           1           0  0.30s           2024-07-29T13:01:06
================================================================================
[2024-07-29T13:01:54.632+0000] {manager.py:878} INFO - 
================================================================================
DAG File Processing Stats

File Path                                   PID    Runtime      # DAGs    # Errors  Last Runtime    Last Run
------------------------------------------  -----  ---------  --------  ----------  --------------  -------------------
/opt/airflow/dags/price_improvement_dag.py                           1           0  0.31s           2024-07-29T13:01:36
================================================================================
[2024-07-29T13:02:16.361+0000] {manager.py:737} INFO - Searching for files in /opt/airflow/dags
[2024-07-29T13:02:16.366+0000] {manager.py:740} INFO - There are 1 files in /opt/airflow/dags
[2024-07-29T13:02:24.789+0000] {manager.py:878} INFO - 
================================================================================
DAG File Processing Stats

File Path                                   PID    Runtime      # DAGs    # Errors  Last Runtime    Last Run
------------------------------------------  -----  ---------  --------  ----------  --------------  -------------------
/opt/airflow/dags/price_improvement_dag.py                           1           0  0.36s           2024-07-29T13:02:14
================================================================================
[2024-07-29T13:02:55.035+0000] {manager.py:878} INFO - 
================================================================================
DAG File Processing Stats

File Path                                   PID    Runtime      # DAGs    # Errors  Last Runtime    Last Run
------------------------------------------  -----  ---------  --------  ----------  --------------  -------------------
/opt/airflow/dags/price_improvement_dag.py                           1           0  0.32s           2024-07-29T13:02:45
================================================================================
[2024-07-29T13:03:25.623+0000] {manager.py:878} INFO - 
================================================================================
DAG File Processing Stats

File Path                                   PID    Runtime      # DAGs    # Errors  Last Runtime    Last Run
------------------------------------------  -----  ---------  --------  ----------  --------------  -------------------
/opt/airflow/dags/price_improvement_dag.py                           1           0  0.31s           2024-07-29T13:03:15
================================================================================
[2024-07-29T13:03:56.225+0000] {manager.py:878} INFO - 
================================================================================
DAG File Processing Stats

File Path                                   PID    Runtime      # DAGs    # Errors  Last Runtime    Last Run
------------------------------------------  -----  ---------  --------  ----------  --------------  -------------------
/opt/airflow/dags/price_improvement_dag.py                           1           0  0.30s           2024-07-29T13:03:46
================================================================================
[2024-07-29T13:04:26.753+0000] {manager.py:878} INFO - 
================================================================================
DAG File Processing Stats

File Path                                   PID    Runtime      # DAGs    # Errors  Last Runtime    Last Run
------------------------------------------  -----  ---------  --------  ----------  --------------  -------------------
/opt/airflow/dags/price_improvement_dag.py                           1           0  0.30s           2024-07-29T13:04:16
================================================================================
[2024-07-29T13:04:57.362+0000] {manager.py:878} INFO - 
================================================================================
DAG File Processing Stats

File Path                                   PID    Runtime      # DAGs    # Errors  Last Runtime    Last Run
------------------------------------------  -----  ---------  --------  ----------  --------------  -------------------
/opt/airflow/dags/price_improvement_dag.py                           1           0  0.31s           2024-07-29T13:04:47
================================================================================
[2024-07-29T13:05:27.922+0000] {manager.py:878} INFO - 
================================================================================
DAG File Processing Stats

File Path                                   PID    Runtime      # DAGs    # Errors  Last Runtime    Last Run
------------------------------------------  -----  ---------  --------  ----------  --------------  -------------------
/opt/airflow/dags/price_improvement_dag.py                           1           0  0.30s           2024-07-29T13:05:18
================================================================================
[2024-07-29T13:05:58.410+0000] {manager.py:878} INFO - 
================================================================================
DAG File Processing Stats

File Path                                   PID    Runtime      # DAGs    # Errors  Last Runtime    Last Run
------------------------------------------  -----  ---------  --------  ----------  --------------  -------------------
/opt/airflow/dags/price_improvement_dag.py                           1           0  0.30s           2024-07-29T13:05:48
================================================================================
[2024-07-29T13:06:29.015+0000] {manager.py:878} INFO - 
================================================================================
DAG File Processing Stats

File Path                                   PID    Runtime      # DAGs    # Errors  Last Runtime    Last Run
------------------------------------------  -----  ---------  --------  ----------  --------------  -------------------
/opt/airflow/dags/price_improvement_dag.py                           1           0  0.30s           2024-07-29T13:06:19
================================================================================
[2024-07-29T13:06:59.520+0000] {manager.py:878} INFO - 
================================================================================
DAG File Processing Stats

File Path                                   PID    Runtime      # DAGs    # Errors  Last Runtime    Last Run
------------------------------------------  -----  ---------  --------  ----------  --------------  -------------------
/opt/airflow/dags/price_improvement_dag.py                           1           0  0.30s           2024-07-29T13:06:49
================================================================================
[2024-07-29T13:07:16.665+0000] {manager.py:737} INFO - Searching for files in /opt/airflow/dags
[2024-07-29T13:07:16.677+0000] {manager.py:740} INFO - There are 1 files in /opt/airflow/dags
[2024-07-29T13:07:29.824+0000] {manager.py:878} INFO - 
================================================================================
DAG File Processing Stats

File Path                                   PID    Runtime      # DAGs    # Errors  Last Runtime    Last Run
------------------------------------------  -----  ---------  --------  ----------  --------------  -------------------
/opt/airflow/dags/price_improvement_dag.py                           1           0  0.30s           2024-07-29T13:07:20
================================================================================
[2024-07-29T13:08:00.399+0000] {manager.py:878} INFO - 
================================================================================
DAG File Processing Stats

File Path                                   PID    Runtime      # DAGs    # Errors  Last Runtime    Last Run
------------------------------------------  -----  ---------  --------  ----------  --------------  -------------------
/opt/airflow/dags/price_improvement_dag.py                           1           0  0.30s           2024-07-29T13:07:50
================================================================================
[2024-07-29T13:08:30.943+0000] {manager.py:878} INFO - 
================================================================================
DAG File Processing Stats

File Path                                   PID    Runtime      # DAGs    # Errors  Last Runtime    Last Run
------------------------------------------  -----  ---------  --------  ----------  --------------  -------------------
/opt/airflow/dags/price_improvement_dag.py                           1           0  0.29s           2024-07-29T13:08:21
================================================================================
[2024-07-29T13:09:01.491+0000] {manager.py:878} INFO - 
================================================================================
DAG File Processing Stats

File Path                                   PID    Runtime      # DAGs    # Errors  Last Runtime    Last Run
------------------------------------------  -----  ---------  --------  ----------  --------------  -------------------
/opt/airflow/dags/price_improvement_dag.py                           1           0  0.30s           2024-07-29T13:08:51
================================================================================
[2024-07-29T13:09:32.030+0000] {manager.py:878} INFO - 
================================================================================
DAG File Processing Stats

File Path                                   PID    Runtime      # DAGs    # Errors  Last Runtime    Last Run
------------------------------------------  -----  ---------  --------  ----------  --------------  -------------------
/opt/airflow/dags/price_improvement_dag.py                           1           0  0.33s           2024-07-29T13:09:22
================================================================================
[2024-07-29T13:10:02.314+0000] {manager.py:878} INFO - 
================================================================================
DAG File Processing Stats

File Path                                   PID    Runtime      # DAGs    # Errors  Last Runtime    Last Run
------------------------------------------  -----  ---------  --------  ----------  --------------  -------------------
/opt/airflow/dags/price_improvement_dag.py                           1           0  0.32s           2024-07-29T13:09:52
================================================================================
[2024-07-29T13:10:32.861+0000] {manager.py:878} INFO - 
================================================================================
DAG File Processing Stats

File Path                                   PID    Runtime      # DAGs    # Errors  Last Runtime    Last Run
------------------------------------------  -----  ---------  --------  ----------  --------------  -------------------
/opt/airflow/dags/price_improvement_dag.py                           1           0  0.30s           2024-07-29T13:10:23
================================================================================
[2024-07-29T13:11:03.414+0000] {manager.py:878} INFO - 
================================================================================
DAG File Processing Stats

File Path                                   PID    Runtime      # DAGs    # Errors  Last Runtime    Last Run
------------------------------------------  -----  ---------  --------  ----------  --------------  -------------------
/opt/airflow/dags/price_improvement_dag.py                           1           0  0.30s           2024-07-29T13:10:53
================================================================================
[2024-07-29T13:11:33.958+0000] {manager.py:878} INFO - 
================================================================================
DAG File Processing Stats

File Path                                   PID    Runtime      # DAGs    # Errors  Last Runtime    Last Run
------------------------------------------  -----  ---------  --------  ----------  --------------  -------------------
/opt/airflow/dags/price_improvement_dag.py                           1           0  0.30s           2024-07-29T13:11:24
================================================================================
[2024-07-29T13:12:04.086+0000] {manager.py:878} INFO - 
================================================================================
DAG File Processing Stats

File Path                                   PID    Runtime      # DAGs    # Errors  Last Runtime    Last Run
------------------------------------------  -----  ---------  --------  ----------  --------------  -------------------
/opt/airflow/dags/price_improvement_dag.py                           1           0  0.58s           2024-07-29T13:11:54
================================================================================
[2024-07-29T13:12:17.215+0000] {manager.py:737} INFO - Searching for files in /opt/airflow/dags
[2024-07-29T13:12:17.223+0000] {manager.py:740} INFO - There are 1 files in /opt/airflow/dags
[2024-07-29T13:12:34.385+0000] {manager.py:878} INFO - 
================================================================================
DAG File Processing Stats

File Path                                   PID    Runtime      # DAGs    # Errors  Last Runtime    Last Run
------------------------------------------  -----  ---------  --------  ----------  --------------  -------------------
/opt/airflow/dags/price_improvement_dag.py                           1           0  0.31s           2024-07-29T13:12:25
================================================================================
[2024-07-29T13:13:04.935+0000] {manager.py:878} INFO - 
================================================================================
DAG File Processing Stats

File Path                                   PID    Runtime      # DAGs    # Errors  Last Runtime    Last Run
------------------------------------------  -----  ---------  --------  ----------  --------------  -------------------
/opt/airflow/dags/price_improvement_dag.py                           1           0  0.30s           2024-07-29T13:12:56
================================================================================
[2024-07-29T13:13:35.523+0000] {manager.py:878} INFO - 
================================================================================
DAG File Processing Stats

File Path                                   PID    Runtime      # DAGs    # Errors  Last Runtime    Last Run
------------------------------------------  -----  ---------  --------  ----------  --------------  -------------------
/opt/airflow/dags/price_improvement_dag.py                           1           0  0.30s           2024-07-29T13:13:26
================================================================================
[2024-07-29T13:14:06.077+0000] {manager.py:878} INFO - 
================================================================================
DAG File Processing Stats

File Path                                   PID    Runtime      # DAGs    # Errors  Last Runtime    Last Run
------------------------------------------  -----  ---------  --------  ----------  --------------  -------------------
/opt/airflow/dags/price_improvement_dag.py                           1           0  0.28s           2024-07-29T13:13:57
================================================================================
[2024-07-29T13:14:36.340+0000] {manager.py:878} INFO - 
================================================================================
DAG File Processing Stats

File Path                                   PID    Runtime      # DAGs    # Errors  Last Runtime    Last Run
------------------------------------------  -----  ---------  --------  ----------  --------------  -------------------
/opt/airflow/dags/price_improvement_dag.py                           1           0  0.30s           2024-07-29T13:14:27
================================================================================
[2024-07-29T13:15:06.853+0000] {manager.py:878} INFO - 
================================================================================
DAG File Processing Stats

File Path                                   PID    Runtime      # DAGs    # Errors  Last Runtime    Last Run
------------------------------------------  -----  ---------  --------  ----------  --------------  -------------------
/opt/airflow/dags/price_improvement_dag.py                           1           0  0.29s           2024-07-29T13:14:58
================================================================================
[2024-07-29T13:15:37.416+0000] {manager.py:878} INFO - 
================================================================================
DAG File Processing Stats

File Path                                   PID    Runtime      # DAGs    # Errors  Last Runtime    Last Run
------------------------------------------  -----  ---------  --------  ----------  --------------  -------------------
/opt/airflow/dags/price_improvement_dag.py                           1           0  0.31s           2024-07-29T13:15:28
================================================================================
[2024-07-29T13:16:07.953+0000] {manager.py:878} INFO - 
================================================================================
DAG File Processing Stats

File Path                                   PID    Runtime      # DAGs    # Errors  Last Runtime    Last Run
------------------------------------------  -----  ---------  --------  ----------  --------------  -------------------
/opt/airflow/dags/price_improvement_dag.py                           1           0  0.32s           2024-07-29T13:15:59
================================================================================
[2024-07-29T13:16:38.532+0000] {manager.py:878} INFO - 
================================================================================
DAG File Processing Stats

File Path                                   PID    Runtime      # DAGs    # Errors  Last Runtime    Last Run
------------------------------------------  -----  ---------  --------  ----------  --------------  -------------------
/opt/airflow/dags/price_improvement_dag.py                           1           0  0.32s           2024-07-29T13:16:29
================================================================================
[2024-07-29T13:17:09.118+0000] {manager.py:878} INFO - 
================================================================================
DAG File Processing Stats

File Path                                   PID    Runtime      # DAGs    # Errors  Last Runtime    Last Run
------------------------------------------  -----  ---------  --------  ----------  --------------  -------------------
/opt/airflow/dags/price_improvement_dag.py                           1           0  0.30s           2024-07-29T13:17:00
================================================================================
[2024-07-29T13:17:17.480+0000] {manager.py:737} INFO - Searching for files in /opt/airflow/dags
[2024-07-29T13:17:17.492+0000] {manager.py:740} INFO - There are 1 files in /opt/airflow/dags
[2024-07-29T13:17:39.705+0000] {manager.py:878} INFO - 
================================================================================
DAG File Processing Stats

File Path                                   PID    Runtime      # DAGs    # Errors  Last Runtime    Last Run
------------------------------------------  -----  ---------  --------  ----------  --------------  -------------------
/opt/airflow/dags/price_improvement_dag.py                           1           0  0.30s           2024-07-29T13:17:30
================================================================================
[2024-07-29T13:18:10.279+0000] {manager.py:878} INFO - 
================================================================================
DAG File Processing Stats

File Path                                   PID    Runtime      # DAGs    # Errors  Last Runtime    Last Run
------------------------------------------  -----  ---------  --------  ----------  --------------  -------------------
/opt/airflow/dags/price_improvement_dag.py                           1           0  0.31s           2024-07-29T13:18:01
================================================================================
[2024-07-29T13:18:40.803+0000] {manager.py:878} INFO - 
================================================================================
DAG File Processing Stats

File Path                                   PID    Runtime      # DAGs    # Errors  Last Runtime    Last Run
------------------------------------------  -----  ---------  --------  ----------  --------------  -------------------
/opt/airflow/dags/price_improvement_dag.py                           1           0  0.30s           2024-07-29T13:18:32
================================================================================
[2024-07-29T13:19:11.377+0000] {manager.py:878} INFO - 
================================================================================
DAG File Processing Stats

File Path                                   PID    Runtime      # DAGs    # Errors  Last Runtime    Last Run
------------------------------------------  -----  ---------  --------  ----------  --------------  -------------------
/opt/airflow/dags/price_improvement_dag.py                           1           0  0.30s           2024-07-29T13:19:02
================================================================================
[2024-07-29T13:19:41.983+0000] {manager.py:878} INFO - 
================================================================================
DAG File Processing Stats

File Path                                   PID    Runtime      # DAGs    # Errors  Last Runtime    Last Run
------------------------------------------  -----  ---------  --------  ----------  --------------  -------------------
/opt/airflow/dags/price_improvement_dag.py                           1           0  0.30s           2024-07-29T13:19:33
================================================================================
[2024-07-29T13:20:12.492+0000] {manager.py:878} INFO - 
================================================================================
DAG File Processing Stats

File Path                                   PID    Runtime      # DAGs    # Errors  Last Runtime    Last Run
------------------------------------------  -----  ---------  --------  ----------  --------------  -------------------
/opt/airflow/dags/price_improvement_dag.py                           1           0  0.32s           2024-07-29T13:20:03
================================================================================
[2024-07-29T13:20:43.067+0000] {manager.py:878} INFO - 
================================================================================
DAG File Processing Stats

File Path                                   PID    Runtime      # DAGs    # Errors  Last Runtime    Last Run
------------------------------------------  -----  ---------  --------  ----------  --------------  -------------------
/opt/airflow/dags/price_improvement_dag.py                           1           0  0.30s           2024-07-29T13:20:34
================================================================================
[2024-07-29T13:21:13.600+0000] {manager.py:878} INFO - 
================================================================================
DAG File Processing Stats

File Path                                   PID    Runtime      # DAGs    # Errors  Last Runtime    Last Run
------------------------------------------  -----  ---------  --------  ----------  --------------  -------------------
/opt/airflow/dags/price_improvement_dag.py                           1           0  0.30s           2024-07-29T13:21:04
================================================================================
[2024-07-29T13:21:44.106+0000] {manager.py:878} INFO - 
================================================================================
DAG File Processing Stats

File Path                                   PID    Runtime      # DAGs    # Errors  Last Runtime    Last Run
------------------------------------------  -----  ---------  --------  ----------  --------------  -------------------
/opt/airflow/dags/price_improvement_dag.py                           1           0  0.29s           2024-07-29T13:21:35
================================================================================
[2024-07-29T13:22:14.606+0000] {manager.py:878} INFO - 
================================================================================
DAG File Processing Stats

File Path                                   PID    Runtime      # DAGs    # Errors  Last Runtime    Last Run
------------------------------------------  -----  ---------  --------  ----------  --------------  -------------------
/opt/airflow/dags/price_improvement_dag.py                           1           0  0.30s           2024-07-29T13:22:05
================================================================================
[2024-07-29T13:22:17.645+0000] {manager.py:737} INFO - Searching for files in /opt/airflow/dags
[2024-07-29T13:22:17.656+0000] {manager.py:740} INFO - There are 1 files in /opt/airflow/dags
[2024-07-29T13:22:45.149+0000] {manager.py:878} INFO - 
================================================================================
DAG File Processing Stats

File Path                                   PID    Runtime      # DAGs    # Errors  Last Runtime    Last Run
------------------------------------------  -----  ---------  --------  ----------  --------------  -------------------
/opt/airflow/dags/price_improvement_dag.py                           1           0  0.31s           2024-07-29T13:22:36
================================================================================
[2024-07-29T13:23:15.681+0000] {manager.py:878} INFO - 
================================================================================
DAG File Processing Stats

File Path                                   PID    Runtime      # DAGs    # Errors  Last Runtime    Last Run
------------------------------------------  -----  ---------  --------  ----------  --------------  -------------------
/opt/airflow/dags/price_improvement_dag.py                           1           0  0.31s           2024-07-29T13:23:06
================================================================================
[2024-07-29T13:23:46.240+0000] {manager.py:878} INFO - 
================================================================================
DAG File Processing Stats

File Path                                   PID    Runtime      # DAGs    # Errors  Last Runtime    Last Run
------------------------------------------  -----  ---------  --------  ----------  --------------  -------------------
/opt/airflow/dags/price_improvement_dag.py                           1           0  0.33s           2024-07-29T13:23:37
================================================================================
[2024-07-29T13:24:16.788+0000] {manager.py:878} INFO - 
================================================================================
DAG File Processing Stats

File Path                                   PID    Runtime      # DAGs    # Errors  Last Runtime    Last Run
------------------------------------------  -----  ---------  --------  ----------  --------------  -------------------
/opt/airflow/dags/price_improvement_dag.py                           1           0  0.30s           2024-07-29T13:24:08
================================================================================
[2024-07-29T13:24:47.344+0000] {manager.py:878} INFO - 
================================================================================
DAG File Processing Stats

File Path                                   PID    Runtime      # DAGs    # Errors  Last Runtime    Last Run
------------------------------------------  -----  ---------  --------  ----------  --------------  -------------------
/opt/airflow/dags/price_improvement_dag.py                           1           0  0.31s           2024-07-29T13:24:38
================================================================================
[2024-07-29T13:25:17.919+0000] {manager.py:878} INFO - 
================================================================================
DAG File Processing Stats

File Path                                   PID    Runtime      # DAGs    # Errors  Last Runtime    Last Run
------------------------------------------  -----  ---------  --------  ----------  --------------  -------------------
/opt/airflow/dags/price_improvement_dag.py                           1           0  0.30s           2024-07-29T13:25:09
================================================================================
[2024-07-29T13:25:48.500+0000] {manager.py:878} INFO - 
================================================================================
DAG File Processing Stats

File Path                                   PID    Runtime      # DAGs    # Errors  Last Runtime    Last Run
------------------------------------------  -----  ---------  --------  ----------  --------------  -------------------
/opt/airflow/dags/price_improvement_dag.py                           1           0  0.31s           2024-07-29T13:25:39
================================================================================
[2024-07-29T13:26:19.058+0000] {manager.py:878} INFO - 
================================================================================
DAG File Processing Stats

File Path                                   PID    Runtime      # DAGs    # Errors  Last Runtime    Last Run
------------------------------------------  -----  ---------  --------  ----------  --------------  -------------------
/opt/airflow/dags/price_improvement_dag.py                           1           0  0.32s           2024-07-29T13:26:10
================================================================================
[2024-07-29T13:26:49.643+0000] {manager.py:878} INFO - 
================================================================================
DAG File Processing Stats

File Path                                   PID    Runtime      # DAGs    # Errors  Last Runtime    Last Run
------------------------------------------  -----  ---------  --------  ----------  --------------  -------------------
/opt/airflow/dags/price_improvement_dag.py                           1           0  0.31s           2024-07-29T13:26:40
================================================================================
[2024-07-29T13:27:18.187+0000] {manager.py:737} INFO - Searching for files in /opt/airflow/dags
[2024-07-29T13:27:18.199+0000] {manager.py:740} INFO - There are 1 files in /opt/airflow/dags
[2024-07-29T13:27:20.231+0000] {manager.py:878} INFO - 
================================================================================
DAG File Processing Stats

File Path                                   PID    Runtime      # DAGs    # Errors  Last Runtime    Last Run
------------------------------------------  -----  ---------  --------  ----------  --------------  -------------------
/opt/airflow/dags/price_improvement_dag.py                           1           0  0.31s           2024-07-29T13:27:11
================================================================================
[2024-07-29T13:27:50.671+0000] {manager.py:878} INFO - 
================================================================================
DAG File Processing Stats

File Path                                   PID    Runtime      # DAGs    # Errors  Last Runtime    Last Run
------------------------------------------  -----  ---------  --------  ----------  --------------  -------------------
/opt/airflow/dags/price_improvement_dag.py                           1           0  0.31s           2024-07-29T13:27:41
================================================================================
[2024-07-29T13:28:21.248+0000] {manager.py:878} INFO - 
================================================================================
DAG File Processing Stats

File Path                                   PID    Runtime      # DAGs    # Errors  Last Runtime    Last Run
------------------------------------------  -----  ---------  --------  ----------  --------------  -------------------
/opt/airflow/dags/price_improvement_dag.py                           1           0  0.31s           2024-07-29T13:28:12
================================================================================
[2024-07-29T13:28:51.785+0000] {manager.py:878} INFO - 
================================================================================
DAG File Processing Stats

File Path                                   PID    Runtime      # DAGs    # Errors  Last Runtime    Last Run
------------------------------------------  -----  ---------  --------  ----------  --------------  -------------------
/opt/airflow/dags/price_improvement_dag.py                           1           0  0.31s           2024-07-29T13:28:43
================================================================================
[2024-07-29T13:29:22.328+0000] {manager.py:878} INFO - 
================================================================================
DAG File Processing Stats

File Path                                   PID    Runtime      # DAGs    # Errors  Last Runtime    Last Run
------------------------------------------  -----  ---------  --------  ----------  --------------  -------------------
/opt/airflow/dags/price_improvement_dag.py                           1           0  0.29s           2024-07-29T13:29:13
================================================================================
[2024-07-29T13:29:52.810+0000] {manager.py:878} INFO - 
================================================================================
DAG File Processing Stats

File Path                                   PID    Runtime      # DAGs    # Errors  Last Runtime    Last Run
------------------------------------------  -----  ---------  --------  ----------  --------------  -------------------
/opt/airflow/dags/price_improvement_dag.py                           1           0  0.30s           2024-07-29T13:29:43
================================================================================
[2024-07-29T13:30:23.124+0000] {manager.py:878} INFO - 
================================================================================
DAG File Processing Stats

File Path                                   PID    Runtime      # DAGs    # Errors  Last Runtime    Last Run
------------------------------------------  -----  ---------  --------  ----------  --------------  -------------------
/opt/airflow/dags/price_improvement_dag.py                           1           0  0.30s           2024-07-29T13:30:14
================================================================================
[2024-07-29T13:30:53.563+0000] {manager.py:878} INFO - 
================================================================================
DAG File Processing Stats

File Path                                   PID    Runtime      # DAGs    # Errors  Last Runtime    Last Run
------------------------------------------  -----  ---------  --------  ----------  --------------  -------------------
/opt/airflow/dags/price_improvement_dag.py                           1           0  0.31s           2024-07-29T13:30:44
================================================================================
[2024-07-29T13:31:23.931+0000] {manager.py:878} INFO - 
================================================================================
DAG File Processing Stats

File Path                                   PID    Runtime      # DAGs    # Errors  Last Runtime    Last Run
------------------------------------------  -----  ---------  --------  ----------  --------------  -------------------
/opt/airflow/dags/price_improvement_dag.py                           1           0  0.30s           2024-07-29T13:31:15
================================================================================
[2024-07-29T13:31:48.700+0000] {manager.py:452} INFO - Exiting gracefully upon receiving signal 15
