[2024-07-29T13:04:28.651+0000] {local_task_job_runner.py:120} INFO - ::group::Pre task execution logs
[2024-07-29T13:04:28.665+0000] {taskinstance.py:2076} INFO - Dependencies all met for dep_context=non-requeueable deps ti=<TaskInstance: price_improvement_dag.calculate_price_improvement manual__2024-07-29T13:04:21.292630+00:00 [queued]>
[2024-07-29T13:04:28.673+0000] {taskinstance.py:2076} INFO - Dependencies all met for dep_context=requeueable deps ti=<TaskInstance: price_improvement_dag.calculate_price_improvement manual__2024-07-29T13:04:21.292630+00:00 [queued]>
[2024-07-29T13:04:28.674+0000] {taskinstance.py:2306} INFO - Starting attempt 1 of 3
[2024-07-29T13:04:28.685+0000] {taskinstance.py:2330} INFO - Executing <Task(PythonOperator): calculate_price_improvement> on 2024-07-29 13:04:21.292630+00:00
[2024-07-29T13:04:28.688+0000] {warnings.py:112} WARNING - /home/***/.local/lib/python3.12/site-packages/***/task/task_runner/standard_task_runner.py:62: DeprecationWarning: This process (pid=231) is multi-threaded, use of fork() may lead to deadlocks in the child.
  pid = os.fork()

[2024-07-29T13:04:28.692+0000] {standard_task_runner.py:64} INFO - Started process 233 to run task
[2024-07-29T13:04:28.691+0000] {standard_task_runner.py:90} INFO - Running: ['***', 'tasks', 'run', 'price_improvement_dag', 'calculate_price_improvement', 'manual__2024-07-29T13:04:21.292630+00:00', '--job-id', '902', '--raw', '--subdir', 'DAGS_FOLDER/price_improvement_dag.py', '--cfg-path', '/tmp/tmpxsr6zc81']
[2024-07-29T13:04:28.694+0000] {standard_task_runner.py:91} INFO - Job 902: Subtask calculate_price_improvement
[2024-07-29T13:04:28.731+0000] {task_command.py:426} INFO - Running <TaskInstance: price_improvement_dag.calculate_price_improvement manual__2024-07-29T13:04:21.292630+00:00 [running]> on host c80e5cd1b15c
[2024-07-29T13:04:28.788+0000] {taskinstance.py:2648} INFO - Exporting env vars: AIRFLOW_CTX_DAG_OWNER='***' AIRFLOW_CTX_DAG_ID='price_improvement_dag' AIRFLOW_CTX_TASK_ID='calculate_price_improvement' AIRFLOW_CTX_EXECUTION_DATE='2024-07-29T13:04:21.292630+00:00' AIRFLOW_CTX_TRY_NUMBER='1' AIRFLOW_CTX_DAG_RUN_ID='manual__2024-07-29T13:04:21.292630+00:00'
[2024-07-29T13:04:28.790+0000] {taskinstance.py:430} INFO - ::endgroup::
[2024-07-29T13:04:29.342+0000] {calculate_price_improvement.py:24} INFO - ### The average price improvement for all the trades was -0.175 percent ###
[2024-07-29T13:04:29.343+0000] {python.py:237} INFO - Done. Returned value was: None
[2024-07-29T13:04:29.345+0000] {taskinstance.py:441} INFO - ::group::Post task execution logs
[2024-07-29T13:04:29.356+0000] {taskinstance.py:1206} INFO - Marking task as SUCCESS. dag_id=price_improvement_dag, task_id=calculate_price_improvement, run_id=manual__2024-07-29T13:04:21.292630+00:00, execution_date=20240729T130421, start_date=20240729T130428, end_date=20240729T130429
[2024-07-29T13:04:29.376+0000] {local_task_job_runner.py:243} INFO - Task exited with return code 0
[2024-07-29T13:04:29.393+0000] {taskinstance.py:3503} INFO - 0 downstream tasks scheduled from follow-on schedule check
[2024-07-29T13:04:29.394+0000] {local_task_job_runner.py:222} INFO - ::endgroup::
